#
# A fatal error has been detected by the Java Runtime Environment:
#
#  Internal Error (t:/workspace/open/src/hotspot/share/oops/generateOopMap.cpp:2164), pid=9484, tid=11072
#  fatal error: Illegal class file encountered. Try running with -Xverify:all in method updateEditor
#
# JRE version: OpenJDK Runtime Environment (12.0+32) (build 12+32)
# Java VM: OpenJDK 64-Bit Server VM (12+32, mixed mode, sharing, tiered, compressed oops, g1 gc, windows-amd64)
# No core dump will be written. Minidumps are not enabled by default on client versions of Windows
#
# If you would like to submit a bug report, please visit:
#   http://bugreport.java.com/bugreport/crash.jsp
#

---------------  S U M M A R Y ------------

Command Line: -agentlib:jdwp=transport=dt_socket,address=127.0.0.1:61824,suspend=y,server=n -javaagent:C:\Users\Owner\AppData\Local\JetBrains\IdeaIC2020.1\groovyHotSwap\gragent.jar -javaagent:C:\Users\Owner\AppData\Local\JetBrains\IdeaIC2020.1\captureAgent\debugger-agent.jar -Dfile.encoding=UTF-8 utils.LevelEditor

Host: Intel(R) Core(TM) i7-8700 CPU @ 3.20GHz, 12 cores, 15G,  Windows 10 , 64 bit Build 18362 (10.0.18362.900)
Time: Sun Jul 12 14:25:51 2020 Eastern Daylight Time elapsed time: 883 seconds (0d 0h 14m 43s)

---------------  T H R E A D  ---------------

Current thread (0x000002263d536800):  GCTaskThread "GC Thread#2" [stack: 0x000000d535500000,0x000000d535600000] [id=11072]

Stack: [0x000000d535500000,0x000000d535600000]
[error occurred during error reporting (printing stack bounds), id 0xc0000005, EXCEPTION_ACCESS_VIOLATION (0xc0000005) at pc=0x00000226193d0bad]

Native frames: (J=compiled Java code, j=interpreted, Vv=VM code, C=native code)
V  [jvm.dll+0x63915a]
V  [jvm.dll+0x78b0af]
V  [jvm.dll+0x78c751]
V  [jvm.dll+0x78cd05]
V  [jvm.dll+0x78ccbb]
V  [jvm.dll+0x638864]
V  [jvm.dll+0x638c28]
C  [ntdll.dll+0xa11cf]
C  [ntdll.dll+0x6a209]
C  [ntdll.dll+0x9fe3e]
C  0x00000226193d0bad

JavaThread 0x000002260f7cc000 (nid = 23428) was being processed
Java frames: (J=compiled Java code, j=interpreted, Vv=VM code)
J 698  sun.awt.Win32GraphicsConfig.getBounds(I)Ljava/awt/Rectangle; java.desktop@12 (0 bytes) @ 0x0000022620ed4f2b [0x0000022620ed4ee0+0x000000000000004b]
J 2468 c2 java.awt.MouseInfo.getPointerInfo()Ljava/awt/PointerInfo; java.desktop@12 (165 bytes) @ 0x000002262116d4c8 [0x000002262116d080+0x0000000000000448]
j  utils.LevelEditor.updateEditor()V+14
j  utils.LevelEditor.main([Ljava/lang/String;)V+86
v  ~StubRoutines::call_stub

---------------  P R O C E S S  ---------------

Threads class SMR info:
_java_thread_list=0x0000022635465280, length=18, elements={
0x000002260f7cc000, 0x000002263546a800, 0x000002263546c000, 0x000002263547e000,
0x0000022635d03000, 0x0000022635d05800, 0x0000022635d14000, 0x0000022635d1d800,
0x0000022635e41000, 0x0000022635eb3000, 0x0000022635f27800, 0x0000022635f22800,
0x0000022635f74000, 0x0000022636271000, 0x000002263627a800, 0x0000022636286800,
0x000002263d1ee000, 0x000002263d231000
}

Java Threads: ( => current thread )
  0x000002260f7cc000 JavaThread "main" [_thread_blocked, id=23428, stack(0x000000d533900000,0x000000d533a00000)]
  0x000002263546a800 JavaThread "Reference Handler" daemon [_thread_blocked, id=17572, stack(0x000000d534000000,0x000000d534100000)]
  0x000002263546c000 JavaThread "Finalizer" daemon [_thread_blocked, id=14536, stack(0x000000d534100000,0x000000d534200000)]
  0x000002263547e000 JavaThread "Signal Dispatcher" daemon [_thread_blocked, id=14096, stack(0x000000d534200000,0x000000d534300000)]
  0x0000022635d03000 JavaThread "Attach Listener" daemon [_thread_blocked, id=6808, stack(0x000000d534300000,0x000000d534400000)]
  0x0000022635d05800 JavaThread "C2 CompilerThread0" daemon [_thread_blocked, id=18096, stack(0x000000d534400000,0x000000d534500000)]
  0x0000022635d14000 JavaThread "C1 CompilerThread0" daemon [_thread_blocked, id=12296, stack(0x000000d534500000,0x000000d534600000)]
  0x0000022635d1d800 JavaThread "Sweeper thread" daemon [_thread_blocked, id=30080, stack(0x000000d534600000,0x000000d534700000)]
  0x0000022635e41000 JavaThread "Common-Cleaner" daemon [_thread_blocked, id=21996, stack(0x000000d534700000,0x000000d534800000)]
  0x0000022635eb3000 JavaThread "JDWP Transport Listener: dt_socket" daemon [_thread_blocked, id=15756, stack(0x000000d534900000,0x000000d534a00000)]
  0x0000022635f27800 JavaThread "JDWP Event Helper Thread" daemon [_thread_blocked, id=16696, stack(0x000000d534a00000,0x000000d534b00000)]
  0x0000022635f22800 JavaThread "JDWP Command Reader" daemon [_thread_in_native, id=16372, stack(0x000000d534b00000,0x000000d534c00000)]
  0x0000022635f74000 JavaThread "Service Thread" daemon [_thread_blocked, id=26684, stack(0x000000d534c00000,0x000000d534d00000)]
  0x0000022636271000 JavaThread "Java2D Disposer" daemon [_thread_blocked, id=28244, stack(0x000000d534e00000,0x000000d534f00000)]
  0x000002263627a800 JavaThread "AWT-Shutdown" [_thread_blocked, id=9696, stack(0x000000d534f00000,0x000000d535000000)]
  0x0000022636286800 JavaThread "AWT-Windows" daemon [_thread_in_native, id=14852, stack(0x000000d535000000,0x000000d535100000)]
  0x000002263d1ee000 JavaThread "AWT-EventQueue-0" [_thread_blocked, id=20508, stack(0x000000d534800000,0x000000d534900000)]
  0x000002263d231000 JavaThread "D3D Screen Updater" daemon [_thread_blocked, id=17872, stack(0x000000d535300000,0x000000d535400000)]

Other Threads:
  0x0000022635467800 VMThread "VM Thread" [stack: 0x000000d533f00000,0x000000d534000000] [id=28388]
  0x0000022635f74800 WatcherThread [stack: 0x000000d534d00000,0x000000d534e00000] [id=29728]
  0x000002260f832800 GCTaskThread "GC Thread#0" [stack: 0x000000d533a00000,0x000000d533b00000] [id=29368]
  0x000002263d496800 GCTaskThread "GC Thread#1" [stack: 0x000000d535400000,0x000000d535500000] [id=12208]
=>0x000002263d536800 GCTaskThread "GC Thread#2" [stack: 0x000000d535500000,0x000000d535600000] [id=11072]
  0x000002263d537800 GCTaskThread "GC Thread#3" [stack: 0x000000d535600000,0x000000d535700000] [id=18420]
  0x000002263d3b3000 GCTaskThread "GC Thread#4" [stack: 0x000000d535700000,0x000000d535800000] [id=24828]
  0x000002263d4f9000 GCTaskThread "GC Thread#5" [stack: 0x000000d535800000,0x000000d535900000] [id=24572]
  0x000002260f84d000 ConcurrentGCThread "G1 Main Marker" [stack: 0x000000d533b00000,0x000000d533c00000] [id=4088]
  0x000002260f84f800 ConcurrentGCThread "G1 Conc#0" [stack: 0x000000d533c00000,0x000000d533d00000] [id=12876]
  0x0000022635360000 ConcurrentGCThread "G1 Refine#0" [stack: 0x000000d533d00000,0x000000d533e00000] [id=21772]
  0x0000022635363000 ConcurrentGCThread "G1 Young RemSet Sampling" [stack: 0x000000d533e00000,0x000000d533f00000] [id=26536]

Threads with active compile tasks:

VM state:at safepoint (normal execution)

VM Mutex/Monitor currently owned by a thread:  ([mutex/lock_event])
[0x000002260f7c7ca0] Threads_lock - owner thread: 0x0000022635467800
[0x000002260f7c79d0] Heap_lock - owner thread: 0x000002263d1ee000

Heap address: 0x0000000702e00000, size: 4050 MB, Compressed Oops mode: Zero based, Oop shift amount: 3
Narrow klass base: 0x0000000800000000, Narrow klass shift: 3
Compressed class space size: 1073741824 Address: 0x00000008011a0000

Heap:
 garbage-first heap   total 260096K, used 159084K [0x0000000702e00000, 0x0000000800000000)
  region size 1024K, 152 young (155648K), 4 survivors (4096K)
 Metaspace       used 9731K, capacity 10159K, committed 10240K, reserved 1058816K
  class space    used 1052K, capacity 1269K, committed 1280K, reserved 1048576K
Heap Regions: E=young(eden), S=young(survivor), O=old, HS=humongous(starts), HC=humongous(continues), CS=collection set, F=free, A=archive, TAMS=top-at-mark-start (previous, next)
|   0|0x0000000702e00000, 0x0000000702f00000, 0x0000000702f00000|100%| O|  |TAMS 0x0000000702e00000, 0x0000000702e00000| Untracked 
|   1|0x0000000702f00000, 0x0000000703000000, 0x0000000703000000|100%| O|  |TAMS 0x0000000702f00000, 0x0000000702f00000| Untracked 
|   2|0x0000000703000000, 0x0000000703100000, 0x0000000703100000|100%| O|  |TAMS 0x0000000703000000, 0x0000000703000000| Untracked 
|   3|0x0000000703100000, 0x00000007031d0800, 0x0000000703200000| 81%| O|  |TAMS 0x0000000703100000, 0x0000000703100000| Untracked 
|   4|0x0000000703200000, 0x0000000703200000, 0x0000000703300000|  0%| F|  |TAMS 0x0000000703200000, 0x0000000703200000| Untracked 
|   5|0x0000000703300000, 0x0000000703300000, 0x0000000703400000|  0%| F|  |TAMS 0x0000000703300000, 0x0000000703300000| Untracked 
|   6|0x0000000703400000, 0x0000000703400000, 0x0000000703500000|  0%| F|  |TAMS 0x0000000703400000, 0x0000000703400000| Untracked 
|   7|0x0000000703500000, 0x0000000703500000, 0x0000000703600000|  0%| F|  |TAMS 0x0000000703500000, 0x0000000703500000| Untracked 
|   8|0x0000000703600000, 0x0000000703600000, 0x0000000703700000|  0%| F|  |TAMS 0x0000000703600000, 0x0000000703600000| Untracked 
|   9|0x0000000703700000, 0x0000000703700000, 0x0000000703800000|  0%| F|  |TAMS 0x0000000703700000, 0x0000000703700000| Untracked 
|  10|0x0000000703800000, 0x0000000703800000, 0x0000000703900000|  0%| F|  |TAMS 0x0000000703800000, 0x0000000703800000| Untracked 
|  11|0x0000000703900000, 0x0000000703900000, 0x0000000703a00000|  0%| F|  |TAMS 0x0000000703900000, 0x0000000703900000| Untracked 
|  12|0x0000000703a00000, 0x0000000703a00000, 0x0000000703b00000|  0%| F|  |TAMS 0x0000000703a00000, 0x0000000703a00000| Untracked 
|  13|0x0000000703b00000, 0x0000000703b00000, 0x0000000703c00000|  0%| F|  |TAMS 0x0000000703b00000, 0x0000000703b00000| Untracked 
|  14|0x0000000703c00000, 0x0000000703c00000, 0x0000000703d00000|  0%| F|  |TAMS 0x0000000703c00000, 0x0000000703c00000| Untracked 
|  15|0x0000000703d00000, 0x0000000703d00000, 0x0000000703e00000|  0%| F|  |TAMS 0x0000000703d00000, 0x0000000703d00000| Untracked 
|  16|0x0000000703e00000, 0x0000000703e00000, 0x0000000703f00000|  0%| F|  |TAMS 0x0000000703e00000, 0x0000000703e00000| Untracked 
|  17|0x0000000703f00000, 0x0000000703f00000, 0x0000000704000000|  0%| F|  |TAMS 0x0000000703f00000, 0x0000000703f00000| Untracked 
|  18|0x0000000704000000, 0x0000000704000000, 0x0000000704100000|  0%| F|  |TAMS 0x0000000704000000, 0x0000000704000000| Untracked 
|  19|0x0000000704100000, 0x0000000704100000, 0x0000000704200000|  0%| F|  |TAMS 0x0000000704100000, 0x0000000704100000| Untracked 
|  20|0x0000000704200000, 0x0000000704200000, 0x0000000704300000|  0%| F|  |TAMS 0x0000000704200000, 0x0000000704200000| Untracked 
|  21|0x0000000704300000, 0x0000000704300000, 0x0000000704400000|  0%| F|  |TAMS 0x0000000704300000, 0x0000000704300000| Untracked 
|  22|0x0000000704400000, 0x0000000704400000, 0x0000000704500000|  0%| F|  |TAMS 0x0000000704400000, 0x0000000704400000| Untracked 
|  23|0x0000000704500000, 0x0000000704500000, 0x0000000704600000|  0%| F|  |TAMS 0x0000000704500000, 0x0000000704500000| Untracked 
|  24|0x0000000704600000, 0x0000000704600000, 0x0000000704700000|  0%| F|  |TAMS 0x0000000704600000, 0x0000000704600000| Untracked 
|  25|0x0000000704700000, 0x0000000704700000, 0x0000000704800000|  0%| F|  |TAMS 0x0000000704700000, 0x0000000704700000| Untracked 
|  26|0x0000000704800000, 0x0000000704800000, 0x0000000704900000|  0%| F|  |TAMS 0x0000000704800000, 0x0000000704800000| Untracked 
|  27|0x0000000704900000, 0x0000000704900000, 0x0000000704a00000|  0%| F|  |TAMS 0x0000000704900000, 0x0000000704900000| Untracked 
|  28|0x0000000704a00000, 0x0000000704a00000, 0x0000000704b00000|  0%| F|  |TAMS 0x0000000704a00000, 0x0000000704a00000| Untracked 
|  29|0x0000000704b00000, 0x0000000704b00000, 0x0000000704c00000|  0%| F|  |TAMS 0x0000000704b00000, 0x0000000704b00000| Untracked 
|  30|0x0000000704c00000, 0x0000000704c00000, 0x0000000704d00000|  0%| F|  |TAMS 0x0000000704c00000, 0x0000000704c00000| Untracked 
|  31|0x0000000704d00000, 0x0000000704d00000, 0x0000000704e00000|  0%| F|  |TAMS 0x0000000704d00000, 0x0000000704d00000| Untracked 
|  32|0x0000000704e00000, 0x0000000704e00000, 0x0000000704f00000|  0%| F|  |TAMS 0x0000000704e00000, 0x0000000704e00000| Untracked 
|  33|0x0000000704f00000, 0x0000000704f00000, 0x0000000705000000|  0%| F|  |TAMS 0x0000000704f00000, 0x0000000704f00000| Untracked 
|  34|0x0000000705000000, 0x0000000705000000, 0x0000000705100000|  0%| F|  |TAMS 0x0000000705000000, 0x0000000705000000| Untracked 
|  35|0x0000000705100000, 0x0000000705100000, 0x0000000705200000|  0%| F|  |TAMS 0x0000000705100000, 0x0000000705100000| Untracked 
|  36|0x0000000705200000, 0x0000000705200000, 0x0000000705300000|  0%| F|  |TAMS 0x0000000705200000, 0x0000000705200000| Untracked 
|  37|0x0000000705300000, 0x0000000705300000, 0x0000000705400000|  0%| F|  |TAMS 0x0000000705300000, 0x0000000705300000| Untracked 
|  38|0x0000000705400000, 0x0000000705400000, 0x0000000705500000|  0%| F|  |TAMS 0x0000000705400000, 0x0000000705400000| Untracked 
|  39|0x0000000705500000, 0x0000000705500000, 0x0000000705600000|  0%| F|  |TAMS 0x0000000705500000, 0x0000000705500000| Untracked 
|  40|0x0000000705600000, 0x0000000705600000, 0x0000000705700000|  0%| F|  |TAMS 0x0000000705600000, 0x0000000705600000| Untracked 
|  41|0x0000000705700000, 0x0000000705700000, 0x0000000705800000|  0%| F|  |TAMS 0x0000000705700000, 0x0000000705700000| Untracked 
|  42|0x0000000705800000, 0x0000000705800000, 0x0000000705900000|  0%| F|  |TAMS 0x0000000705800000, 0x0000000705800000| Untracked 
|  43|0x0000000705900000, 0x0000000705900000, 0x0000000705a00000|  0%| F|  |TAMS 0x0000000705900000, 0x0000000705900000| Untracked 
|  44|0x0000000705a00000, 0x0000000705a00000, 0x0000000705b00000|  0%| F|  |TAMS 0x0000000705a00000, 0x0000000705a00000| Untracked 
|  45|0x0000000705b00000, 0x0000000705b00000, 0x0000000705c00000|  0%| F|  |TAMS 0x0000000705b00000, 0x0000000705b00000| Untracked 
|  46|0x0000000705c00000, 0x0000000705c00000, 0x0000000705d00000|  0%| F|  |TAMS 0x0000000705c00000, 0x0000000705c00000| Untracked 
|  47|0x0000000705d00000, 0x0000000705d00000, 0x0000000705e00000|  0%| F|  |TAMS 0x0000000705d00000, 0x0000000705d00000| Untracked 
|  48|0x0000000705e00000, 0x0000000705e00000, 0x0000000705f00000|  0%| F|  |TAMS 0x0000000705e00000, 0x0000000705e00000| Untracked 
|  49|0x0000000705f00000, 0x0000000705f00000, 0x0000000706000000|  0%| F|  |TAMS 0x0000000705f00000, 0x0000000705f00000| Untracked 
|  50|0x0000000706000000, 0x0000000706000000, 0x0000000706100000|  0%| F|  |TAMS 0x0000000706000000, 0x0000000706000000| Untracked 
|  51|0x0000000706100000, 0x0000000706100000, 0x0000000706200000|  0%| F|  |TAMS 0x0000000706100000, 0x0000000706100000| Untracked 
|  52|0x0000000706200000, 0x0000000706200000, 0x0000000706300000|  0%| F|  |TAMS 0x0000000706200000, 0x0000000706200000| Untracked 
|  53|0x0000000706300000, 0x0000000706300000, 0x0000000706400000|  0%| F|  |TAMS 0x0000000706300000, 0x0000000706300000| Untracked 
|  54|0x0000000706400000, 0x0000000706400000, 0x0000000706500000|  0%| F|  |TAMS 0x0000000706400000, 0x0000000706400000| Untracked 
|  55|0x0000000706500000, 0x0000000706500000, 0x0000000706600000|  0%| F|  |TAMS 0x0000000706500000, 0x0000000706500000| Untracked 
|  56|0x0000000706600000, 0x0000000706600000, 0x0000000706700000|  0%| F|  |TAMS 0x0000000706600000, 0x0000000706600000| Untracked 
|  57|0x0000000706700000, 0x0000000706700000, 0x0000000706800000|  0%| F|  |TAMS 0x0000000706700000, 0x0000000706700000| Untracked 
|  58|0x0000000706800000, 0x0000000706800000, 0x0000000706900000|  0%| F|  |TAMS 0x0000000706800000, 0x0000000706800000| Untracked 
|  59|0x0000000706900000, 0x0000000706900000, 0x0000000706a00000|  0%| F|  |TAMS 0x0000000706900000, 0x0000000706900000| Untracked 
|  60|0x0000000706a00000, 0x0000000706a00000, 0x0000000706b00000|  0%| F|  |TAMS 0x0000000706a00000, 0x0000000706a00000| Untracked 
|  61|0x0000000706b00000, 0x0000000706b00000, 0x0000000706c00000|  0%| F|  |TAMS 0x0000000706b00000, 0x0000000706b00000| Untracked 
|  62|0x0000000706c00000, 0x0000000706c00000, 0x0000000706d00000|  0%| F|  |TAMS 0x0000000706c00000, 0x0000000706c00000| Untracked 
|  63|0x0000000706d00000, 0x0000000706d00000, 0x0000000706e00000|  0%| F|  |TAMS 0x0000000706d00000, 0x0000000706d00000| Untracked 
|  64|0x0000000706e00000, 0x0000000706e00000, 0x0000000706f00000|  0%| F|  |TAMS 0x0000000706e00000, 0x0000000706e00000| Untracked 
|  65|0x0000000706f00000, 0x0000000706f00000, 0x0000000707000000|  0%| F|  |TAMS 0x0000000706f00000, 0x0000000706f00000| Untracked 
|  66|0x0000000707000000, 0x0000000707000000, 0x0000000707100000|  0%| F|  |TAMS 0x0000000707000000, 0x0000000707000000| Untracked 
|  67|0x0000000707100000, 0x0000000707100000, 0x0000000707200000|  0%| F|  |TAMS 0x0000000707100000, 0x0000000707100000| Untracked 
|  68|0x0000000707200000, 0x0000000707200000, 0x0000000707300000|  0%| F|  |TAMS 0x0000000707200000, 0x0000000707200000| Untracked 
|  69|0x0000000707300000, 0x0000000707300000, 0x0000000707400000|  0%| F|  |TAMS 0x0000000707300000, 0x0000000707300000| Untracked 
|  70|0x0000000707400000, 0x0000000707400000, 0x0000000707500000|  0%| F|  |TAMS 0x0000000707400000, 0x0000000707400000| Untracked 
|  71|0x0000000707500000, 0x0000000707500000, 0x0000000707600000|  0%| F|  |TAMS 0x0000000707500000, 0x0000000707500000| Untracked 
|  72|0x0000000707600000, 0x0000000707600000, 0x0000000707700000|  0%| F|  |TAMS 0x0000000707600000, 0x0000000707600000| Untracked 
|  73|0x0000000707700000, 0x0000000707700000, 0x0000000707800000|  0%| F|  |TAMS 0x0000000707700000, 0x0000000707700000| Untracked 
|  74|0x0000000707800000, 0x0000000707800000, 0x0000000707900000|  0%| F|  |TAMS 0x0000000707800000, 0x0000000707800000| Untracked 
|  75|0x0000000707900000, 0x0000000707900000, 0x0000000707a00000|  0%| F|  |TAMS 0x0000000707900000, 0x0000000707900000| Untracked 
|  76|0x0000000707a00000, 0x0000000707a00000, 0x0000000707b00000|  0%| F|  |TAMS 0x0000000707a00000, 0x0000000707a00000| Untracked 
|  77|0x0000000707b00000, 0x0000000707b00000, 0x0000000707c00000|  0%| F|  |TAMS 0x0000000707b00000, 0x0000000707b00000| Untracked 
|  78|0x0000000707c00000, 0x0000000707c00000, 0x0000000707d00000|  0%| F|  |TAMS 0x0000000707c00000, 0x0000000707c00000| Untracked 
|  79|0x0000000707d00000, 0x0000000707d00000, 0x0000000707e00000|  0%| F|  |TAMS 0x0000000707d00000, 0x0000000707d00000| Untracked 
|  80|0x0000000707e00000, 0x0000000707e00000, 0x0000000707f00000|  0%| F|  |TAMS 0x0000000707e00000, 0x0000000707e00000| Untracked 
|  81|0x0000000707f00000, 0x0000000707f00000, 0x0000000708000000|  0%| F|  |TAMS 0x0000000707f00000, 0x0000000707f00000| Untracked 
|  82|0x0000000708000000, 0x0000000708000000, 0x0000000708100000|  0%| F|  |TAMS 0x0000000708000000, 0x0000000708000000| Untracked 
|  83|0x0000000708100000, 0x0000000708100000, 0x0000000708200000|  0%| F|  |TAMS 0x0000000708100000, 0x0000000708100000| Untracked 
|  84|0x0000000708200000, 0x0000000708200000, 0x0000000708300000|  0%| F|  |TAMS 0x0000000708200000, 0x0000000708200000| Untracked 
|  85|0x0000000708300000, 0x0000000708300000, 0x0000000708400000|  0%| F|  |TAMS 0x0000000708300000, 0x0000000708300000| Untracked 
|  86|0x0000000708400000, 0x0000000708400000, 0x0000000708500000|  0%| F|  |TAMS 0x0000000708400000, 0x0000000708400000| Untracked 
|  87|0x0000000708500000, 0x0000000708500000, 0x0000000708600000|  0%| F|  |TAMS 0x0000000708500000, 0x0000000708500000| Untracked 
|  88|0x0000000708600000, 0x0000000708600000, 0x0000000708700000|  0%| F|  |TAMS 0x0000000708600000, 0x0000000708600000| Untracked 
|  89|0x0000000708700000, 0x0000000708700000, 0x0000000708800000|  0%| F|  |TAMS 0x0000000708700000, 0x0000000708700000| Untracked 
|  90|0x0000000708800000, 0x0000000708800000, 0x0000000708900000|  0%| F|  |TAMS 0x0000000708800000, 0x0000000708800000| Untracked 
|  91|0x0000000708900000, 0x0000000708900000, 0x0000000708a00000|  0%| F|  |TAMS 0x0000000708900000, 0x0000000708900000| Untracked 
|  92|0x0000000708a00000, 0x0000000708a00000, 0x0000000708b00000|  0%| F|  |TAMS 0x0000000708a00000, 0x0000000708a00000| Untracked 
|  93|0x0000000708b00000, 0x0000000708b00000, 0x0000000708c00000|  0%| F|  |TAMS 0x0000000708b00000, 0x0000000708b00000| Untracked 
|  94|0x0000000708c00000, 0x0000000708c00000, 0x0000000708d00000|  0%| F|  |TAMS 0x0000000708c00000, 0x0000000708c00000| Untracked 
|  95|0x0000000708d00000, 0x0000000708d00000, 0x0000000708e00000|  0%| F|  |TAMS 0x0000000708d00000, 0x0000000708d00000| Untracked 
|  96|0x0000000708e00000, 0x0000000708e00000, 0x0000000708f00000|  0%| F|  |TAMS 0x0000000708e00000, 0x0000000708e00000| Untracked 
|  97|0x0000000708f00000, 0x0000000708f00000, 0x0000000709000000|  0%| F|  |TAMS 0x0000000708f00000, 0x0000000708f00000| Untracked 
|  98|0x0000000709000000, 0x000000070908a868, 0x0000000709100000| 54%| E|CS|TAMS 0x0000000709000000, 0x0000000709000000| Complete 
|  99|0x0000000709100000, 0x000000070916c500, 0x0000000709200000| 42%| S|  |TAMS 0x0000000709100000, 0x0000000709100000| Complete 
| 100|0x0000000709200000, 0x0000000709300000, 0x0000000709300000|100%| E|CS|TAMS 0x0000000709200000, 0x0000000709200000| Complete 
| 101|0x0000000709300000, 0x0000000709400000, 0x0000000709400000|100%| E|CS|TAMS 0x0000000709300000, 0x0000000709300000| Complete 
| 102|0x0000000709400000, 0x0000000709500000, 0x0000000709500000|100%| S|  |TAMS 0x0000000709400000, 0x0000000709400000| Complete 
| 103|0x0000000709500000, 0x0000000709600000, 0x0000000709600000|100%| S|  |TAMS 0x0000000709500000, 0x0000000709500000| Complete 
| 104|0x0000000709600000, 0x0000000709700000, 0x0000000709700000|100%| E|CS|TAMS 0x0000000709600000, 0x0000000709600000| Complete 
| 105|0x0000000709700000, 0x0000000709800000, 0x0000000709800000|100%| S|  |TAMS 0x0000000709700000, 0x0000000709700000| Complete 
| 106|0x0000000709800000, 0x0000000709900000, 0x0000000709900000|100%| E|CS|TAMS 0x0000000709800000, 0x0000000709800000| Complete 
| 107|0x0000000709900000, 0x0000000709a00000, 0x0000000709a00000|100%| E|CS|TAMS 0x0000000709900000, 0x0000000709900000| Complete 
| 108|0x0000000709a00000, 0x0000000709b00000, 0x0000000709b00000|100%| E|CS|TAMS 0x0000000709a00000, 0x0000000709a00000| Complete 
| 109|0x0000000709b00000, 0x0000000709c00000, 0x0000000709c00000|100%| E|CS|TAMS 0x0000000709b00000, 0x0000000709b00000| Complete 
| 110|0x0000000709c00000, 0x0000000709d00000, 0x0000000709d00000|100%| E|CS|TAMS 0x0000000709c00000, 0x0000000709c00000| Complete 
| 111|0x0000000709d00000, 0x0000000709e00000, 0x0000000709e00000|100%| E|CS|TAMS 0x0000000709d00000, 0x0000000709d00000| Complete 
| 112|0x0000000709e00000, 0x0000000709f00000, 0x0000000709f00000|100%| E|CS|TAMS 0x0000000709e00000, 0x0000000709e00000| Complete 
| 113|0x0000000709f00000, 0x000000070a000000, 0x000000070a000000|100%| E|CS|TAMS 0x0000000709f00000, 0x0000000709f00000| Complete 
| 114|0x000000070a000000, 0x000000070a100000, 0x000000070a100000|100%| E|CS|TAMS 0x000000070a000000, 0x000000070a000000| Complete 
| 115|0x000000070a100000, 0x000000070a200000, 0x000000070a200000|100%| E|CS|TAMS 0x000000070a100000, 0x000000070a100000| Complete 
| 116|0x000000070a200000, 0x000000070a300000, 0x000000070a300000|100%| E|CS|TAMS 0x000000070a200000, 0x000000070a200000| Complete 
| 117|0x000000070a300000, 0x000000070a400000, 0x000000070a400000|100%| E|CS|TAMS 0x000000070a300000, 0x000000070a300000| Complete 
| 118|0x000000070a400000, 0x000000070a500000, 0x000000070a500000|100%| E|CS|TAMS 0x000000070a400000, 0x000000070a400000| Complete 
| 119|0x000000070a500000, 0x000000070a600000, 0x000000070a600000|100%| E|CS|TAMS 0x000000070a500000, 0x000000070a500000| Complete 
| 120|0x000000070a600000, 0x000000070a700000, 0x000000070a700000|100%| E|CS|TAMS 0x000000070a600000, 0x000000070a600000| Complete 
| 121|0x000000070a700000, 0x000000070a800000, 0x000000070a800000|100%| E|CS|TAMS 0x000000070a700000, 0x000000070a700000| Complete 
| 122|0x000000070a800000, 0x000000070a900000, 0x000000070a900000|100%| E|CS|TAMS 0x000000070a800000, 0x000000070a800000| Complete 
| 123|0x000000070a900000, 0x000000070aa00000, 0x000000070aa00000|100%| E|CS|TAMS 0x000000070a900000, 0x000000070a900000| Complete 
| 124|0x000000070aa00000, 0x000000070ab00000, 0x000000070ab00000|100%| E|CS|TAMS 0x000000070aa00000, 0x000000070aa00000| Complete 
| 125|0x000000070ab00000, 0x000000070ac00000, 0x000000070ac00000|100%| E|CS|TAMS 0x000000070ab00000, 0x000000070ab00000| Complete 
| 126|0x000000070ac00000, 0x000000070ad00000, 0x000000070ad00000|100%| E|CS|TAMS 0x000000070ac00000, 0x000000070ac00000| Complete 
| 127|0x000000070ad00000, 0x000000070ae00000, 0x000000070ae00000|100%| E|CS|TAMS 0x000000070ad00000, 0x000000070ad00000| Complete 
| 128|0x000000070ae00000, 0x000000070af00000, 0x000000070af00000|100%| E|CS|TAMS 0x000000070ae00000, 0x000000070ae00000| Complete 
| 129|0x000000070af00000, 0x000000070b000000, 0x000000070b000000|100%| E|CS|TAMS 0x000000070af00000, 0x000000070af00000| Complete 
| 130|0x000000070b000000, 0x000000070b100000, 0x000000070b100000|100%| E|CS|TAMS 0x000000070b000000, 0x000000070b000000| Complete 
| 131|0x000000070b100000, 0x000000070b200000, 0x000000070b200000|100%| E|CS|TAMS 0x000000070b100000, 0x000000070b100000| Complete 
| 132|0x000000070b200000, 0x000000070b300000, 0x000000070b300000|100%| E|CS|TAMS 0x000000070b200000, 0x000000070b200000| Complete 
| 133|0x000000070b300000, 0x000000070b400000, 0x000000070b400000|100%| E|CS|TAMS 0x000000070b300000, 0x000000070b300000| Complete 
| 134|0x000000070b400000, 0x000000070b500000, 0x000000070b500000|100%| E|CS|TAMS 0x000000070b400000, 0x000000070b400000| Complete 
| 135|0x000000070b500000, 0x000000070b600000, 0x000000070b600000|100%| E|CS|TAMS 0x000000070b500000, 0x000000070b500000| Complete 
| 136|0x000000070b600000, 0x000000070b700000, 0x000000070b700000|100%| E|CS|TAMS 0x000000070b600000, 0x000000070b600000| Complete 
| 137|0x000000070b700000, 0x000000070b800000, 0x000000070b800000|100%| E|CS|TAMS 0x000000070b700000, 0x000000070b700000| Complete 
| 138|0x000000070b800000, 0x000000070b900000, 0x000000070b900000|100%| E|CS|TAMS 0x000000070b800000, 0x000000070b800000| Complete 
| 139|0x000000070b900000, 0x000000070ba00000, 0x000000070ba00000|100%| E|CS|TAMS 0x000000070b900000, 0x000000070b900000| Complete 
| 140|0x000000070ba00000, 0x000000070bb00000, 0x000000070bb00000|100%| E|CS|TAMS 0x000000070ba00000, 0x000000070ba00000| Complete 
| 141|0x000000070bb00000, 0x000000070bc00000, 0x000000070bc00000|100%| E|CS|TAMS 0x000000070bb00000, 0x000000070bb00000| Complete 
| 142|0x000000070bc00000, 0x000000070bd00000, 0x000000070bd00000|100%| E|CS|TAMS 0x000000070bc00000, 0x000000070bc00000| Complete 
| 143|0x000000070bd00000, 0x000000070be00000, 0x000000070be00000|100%| E|CS|TAMS 0x000000070bd00000, 0x000000070bd00000| Complete 
| 144|0x000000070be00000, 0x000000070bf00000, 0x000000070bf00000|100%| E|CS|TAMS 0x000000070be00000, 0x000000070be00000| Complete 
| 145|0x000000070bf00000, 0x000000070c000000, 0x000000070c000000|100%| E|CS|TAMS 0x000000070bf00000, 0x000000070bf00000| Complete 
| 146|0x000000070c000000, 0x000000070c100000, 0x000000070c100000|100%| E|CS|TAMS 0x000000070c000000, 0x000000070c000000| Complete 
| 147|0x000000070c100000, 0x000000070c200000, 0x000000070c200000|100%| E|CS|TAMS 0x000000070c100000, 0x000000070c100000| Complete 
| 148|0x000000070c200000, 0x000000070c300000, 0x000000070c300000|100%| E|CS|TAMS 0x000000070c200000, 0x000000070c200000| Complete 
| 149|0x000000070c300000, 0x000000070c400000, 0x000000070c400000|100%| E|CS|TAMS 0x000000070c300000, 0x000000070c300000| Complete 
| 150|0x000000070c400000, 0x000000070c500000, 0x000000070c500000|100%| E|CS|TAMS 0x000000070c400000, 0x000000070c400000| Complete 
| 151|0x000000070c500000, 0x000000070c600000, 0x000000070c600000|100%| E|CS|TAMS 0x000000070c500000, 0x000000070c500000| Complete 
| 152|0x000000070c600000, 0x000000070c700000, 0x000000070c700000|100%| E|CS|TAMS 0x000000070c600000, 0x000000070c600000| Complete 
| 153|0x000000070c700000, 0x000000070c800000, 0x000000070c800000|100%| E|CS|TAMS 0x000000070c700000, 0x000000070c700000| Complete 
| 154|0x000000070c800000, 0x000000070c900000, 0x000000070c900000|100%| E|CS|TAMS 0x000000070c800000, 0x000000070c800000| Complete 
| 155|0x000000070c900000, 0x000000070ca00000, 0x000000070ca00000|100%| E|CS|TAMS 0x000000070c900000, 0x000000070c900000| Complete 
| 156|0x000000070ca00000, 0x000000070cb00000, 0x000000070cb00000|100%| E|CS|TAMS 0x000000070ca00000, 0x000000070ca00000| Complete 
| 157|0x000000070cb00000, 0x000000070cc00000, 0x000000070cc00000|100%| E|CS|TAMS 0x000000070cb00000, 0x000000070cb00000| Complete 
| 158|0x000000070cc00000, 0x000000070cd00000, 0x000000070cd00000|100%| E|CS|TAMS 0x000000070cc00000, 0x000000070cc00000| Complete 
| 159|0x000000070cd00000, 0x000000070ce00000, 0x000000070ce00000|100%| E|CS|TAMS 0x000000070cd00000, 0x000000070cd00000| Complete 
| 160|0x000000070ce00000, 0x000000070cf00000, 0x000000070cf00000|100%| E|CS|TAMS 0x000000070ce00000, 0x000000070ce00000| Complete 
| 161|0x000000070cf00000, 0x000000070d000000, 0x000000070d000000|100%| E|CS|TAMS 0x000000070cf00000, 0x000000070cf00000| Complete 
| 162|0x000000070d000000, 0x000000070d100000, 0x000000070d100000|100%| E|CS|TAMS 0x000000070d000000, 0x000000070d000000| Complete 
| 163|0x000000070d100000, 0x000000070d200000, 0x000000070d200000|100%| E|CS|TAMS 0x000000070d100000, 0x000000070d100000| Complete 
| 164|0x000000070d200000, 0x000000070d300000, 0x000000070d300000|100%| E|CS|TAMS 0x000000070d200000, 0x000000070d200000| Complete 
| 165|0x000000070d300000, 0x000000070d400000, 0x000000070d400000|100%| E|CS|TAMS 0x000000070d300000, 0x000000070d300000| Complete 
| 166|0x000000070d400000, 0x000000070d500000, 0x000000070d500000|100%| E|CS|TAMS 0x000000070d400000, 0x000000070d400000| Complete 
| 167|0x000000070d500000, 0x000000070d600000, 0x000000070d600000|100%| E|CS|TAMS 0x000000070d500000, 0x000000070d500000| Complete 
| 168|0x000000070d600000, 0x000000070d700000, 0x000000070d700000|100%| E|CS|TAMS 0x000000070d600000, 0x000000070d600000| Complete 
| 169|0x000000070d700000, 0x000000070d800000, 0x000000070d800000|100%| E|CS|TAMS 0x000000070d700000, 0x000000070d700000| Complete 
| 170|0x000000070d800000, 0x000000070d900000, 0x000000070d900000|100%| E|CS|TAMS 0x000000070d800000, 0x000000070d800000| Complete 
| 171|0x000000070d900000, 0x000000070da00000, 0x000000070da00000|100%| E|CS|TAMS 0x000000070d900000, 0x000000070d900000| Complete 
| 172|0x000000070da00000, 0x000000070db00000, 0x000000070db00000|100%| E|CS|TAMS 0x000000070da00000, 0x000000070da00000| Complete 
| 173|0x000000070db00000, 0x000000070dc00000, 0x000000070dc00000|100%| E|CS|TAMS 0x000000070db00000, 0x000000070db00000| Complete 
| 174|0x000000070dc00000, 0x000000070dd00000, 0x000000070dd00000|100%| E|CS|TAMS 0x000000070dc00000, 0x000000070dc00000| Complete 
| 175|0x000000070dd00000, 0x000000070de00000, 0x000000070de00000|100%| E|CS|TAMS 0x000000070dd00000, 0x000000070dd00000| Complete 
| 176|0x000000070de00000, 0x000000070df00000, 0x000000070df00000|100%| E|CS|TAMS 0x000000070de00000, 0x000000070de00000| Complete 
| 177|0x000000070df00000, 0x000000070e000000, 0x000000070e000000|100%| E|CS|TAMS 0x000000070df00000, 0x000000070df00000| Complete 
| 178|0x000000070e000000, 0x000000070e100000, 0x000000070e100000|100%| E|CS|TAMS 0x000000070e000000, 0x000000070e000000| Complete 
| 179|0x000000070e100000, 0x000000070e200000, 0x000000070e200000|100%| E|CS|TAMS 0x000000070e100000, 0x000000070e100000| Complete 
| 180|0x000000070e200000, 0x000000070e300000, 0x000000070e300000|100%| E|CS|TAMS 0x000000070e200000, 0x000000070e200000| Complete 
| 181|0x000000070e300000, 0x000000070e400000, 0x000000070e400000|100%| E|CS|TAMS 0x000000070e300000, 0x000000070e300000| Complete 
| 182|0x000000070e400000, 0x000000070e500000, 0x000000070e500000|100%| E|CS|TAMS 0x000000070e400000, 0x000000070e400000| Complete 
| 183|0x000000070e500000, 0x000000070e600000, 0x000000070e600000|100%| E|CS|TAMS 0x000000070e500000, 0x000000070e500000| Complete 
| 184|0x000000070e600000, 0x000000070e700000, 0x000000070e700000|100%| E|CS|TAMS 0x000000070e600000, 0x000000070e600000| Complete 
| 185|0x000000070e700000, 0x000000070e800000, 0x000000070e800000|100%| E|CS|TAMS 0x000000070e700000, 0x000000070e700000| Complete 
| 186|0x000000070e800000, 0x000000070e900000, 0x000000070e900000|100%| E|CS|TAMS 0x000000070e800000, 0x000000070e800000| Complete 
| 187|0x000000070e900000, 0x000000070ea00000, 0x000000070ea00000|100%| E|CS|TAMS 0x000000070e900000, 0x000000070e900000| Complete 
| 188|0x000000070ea00000, 0x000000070eb00000, 0x000000070eb00000|100%| E|CS|TAMS 0x000000070ea00000, 0x000000070ea00000| Complete 
| 189|0x000000070eb00000, 0x000000070ec00000, 0x000000070ec00000|100%| E|CS|TAMS 0x000000070eb00000, 0x000000070eb00000| Complete 
| 190|0x000000070ec00000, 0x000000070ed00000, 0x000000070ed00000|100%| E|CS|TAMS 0x000000070ec00000, 0x000000070ec00000| Complete 
| 191|0x000000070ed00000, 0x000000070ee00000, 0x000000070ee00000|100%| E|CS|TAMS 0x000000070ed00000, 0x000000070ed00000| Complete 
| 192|0x000000070ee00000, 0x000000070ef00000, 0x000000070ef00000|100%| E|CS|TAMS 0x000000070ee00000, 0x000000070ee00000| Complete 
| 193|0x000000070ef00000, 0x000000070f000000, 0x000000070f000000|100%| E|CS|TAMS 0x000000070ef00000, 0x000000070ef00000| Complete 
| 194|0x000000070f000000, 0x000000070f100000, 0x000000070f100000|100%| E|CS|TAMS 0x000000070f000000, 0x000000070f000000| Complete 
| 195|0x000000070f100000, 0x000000070f200000, 0x000000070f200000|100%| E|CS|TAMS 0x000000070f100000, 0x000000070f100000| Complete 
| 196|0x000000070f200000, 0x000000070f300000, 0x000000070f300000|100%| E|CS|TAMS 0x000000070f200000, 0x000000070f200000| Complete 
| 197|0x000000070f300000, 0x000000070f400000, 0x000000070f400000|100%| E|CS|TAMS 0x000000070f300000, 0x000000070f300000| Complete 
| 198|0x000000070f400000, 0x000000070f500000, 0x000000070f500000|100%| E|CS|TAMS 0x000000070f400000, 0x000000070f400000| Complete 
| 199|0x000000070f500000, 0x000000070f600000, 0x000000070f600000|100%| E|CS|TAMS 0x000000070f500000, 0x000000070f500000| Complete 
| 200|0x000000070f600000, 0x000000070f700000, 0x000000070f700000|100%| E|CS|TAMS 0x000000070f600000, 0x000000070f600000| Complete 
| 201|0x000000070f700000, 0x000000070f800000, 0x000000070f800000|100%| E|CS|TAMS 0x000000070f700000, 0x000000070f700000| Complete 
| 202|0x000000070f800000, 0x000000070f900000, 0x000000070f900000|100%| E|CS|TAMS 0x000000070f800000, 0x000000070f800000| Complete 
| 203|0x000000070f900000, 0x000000070fa00000, 0x000000070fa00000|100%| E|CS|TAMS 0x000000070f900000, 0x000000070f900000| Complete 
| 204|0x000000070fa00000, 0x000000070fb00000, 0x000000070fb00000|100%| E|CS|TAMS 0x000000070fa00000, 0x000000070fa00000| Complete 
| 205|0x000000070fb00000, 0x000000070fc00000, 0x000000070fc00000|100%| E|CS|TAMS 0x000000070fb00000, 0x000000070fb00000| Complete 
| 206|0x000000070fc00000, 0x000000070fd00000, 0x000000070fd00000|100%| E|CS|TAMS 0x000000070fc00000, 0x000000070fc00000| Complete 
| 207|0x000000070fd00000, 0x000000070fe00000, 0x000000070fe00000|100%| E|CS|TAMS 0x000000070fd00000, 0x000000070fd00000| Complete 
| 208|0x000000070fe00000, 0x000000070ff00000, 0x000000070ff00000|100%| E|CS|TAMS 0x000000070fe00000, 0x000000070fe00000| Complete 
| 209|0x000000070ff00000, 0x0000000710000000, 0x0000000710000000|100%| E|CS|TAMS 0x000000070ff00000, 0x000000070ff00000| Complete 
| 210|0x0000000710000000, 0x0000000710100000, 0x0000000710100000|100%| E|CS|TAMS 0x0000000710000000, 0x0000000710000000| Complete 
| 211|0x0000000710100000, 0x0000000710200000, 0x0000000710200000|100%| E|CS|TAMS 0x0000000710100000, 0x0000000710100000| Complete 
| 212|0x0000000710200000, 0x0000000710300000, 0x0000000710300000|100%| E|CS|TAMS 0x0000000710200000, 0x0000000710200000| Complete 
| 213|0x0000000710300000, 0x0000000710400000, 0x0000000710400000|100%| E|CS|TAMS 0x0000000710300000, 0x0000000710300000| Complete 
| 214|0x0000000710400000, 0x0000000710500000, 0x0000000710500000|100%| E|CS|TAMS 0x0000000710400000, 0x0000000710400000| Complete 
| 215|0x0000000710500000, 0x0000000710600000, 0x0000000710600000|100%| E|CS|TAMS 0x0000000710500000, 0x0000000710500000| Complete 
| 216|0x0000000710600000, 0x0000000710700000, 0x0000000710700000|100%| E|CS|TAMS 0x0000000710600000, 0x0000000710600000| Complete 
| 217|0x0000000710700000, 0x0000000710800000, 0x0000000710800000|100%| E|CS|TAMS 0x0000000710700000, 0x0000000710700000| Complete 
| 218|0x0000000710800000, 0x0000000710900000, 0x0000000710900000|100%| E|CS|TAMS 0x0000000710800000, 0x0000000710800000| Complete 
| 219|0x0000000710900000, 0x0000000710a00000, 0x0000000710a00000|100%| E|CS|TAMS 0x0000000710900000, 0x0000000710900000| Complete 
| 220|0x0000000710a00000, 0x0000000710b00000, 0x0000000710b00000|100%| E|CS|TAMS 0x0000000710a00000, 0x0000000710a00000| Complete 
| 221|0x0000000710b00000, 0x0000000710c00000, 0x0000000710c00000|100%| E|CS|TAMS 0x0000000710b00000, 0x0000000710b00000| Complete 
| 222|0x0000000710c00000, 0x0000000710d00000, 0x0000000710d00000|100%| E|CS|TAMS 0x0000000710c00000, 0x0000000710c00000| Complete 
| 223|0x0000000710d00000, 0x0000000710e00000, 0x0000000710e00000|100%| E|CS|TAMS 0x0000000710d00000, 0x0000000710d00000| Complete 
| 224|0x0000000710e00000, 0x0000000710f00000, 0x0000000710f00000|100%| E|CS|TAMS 0x0000000710e00000, 0x0000000710e00000| Complete 
| 225|0x0000000710f00000, 0x0000000711000000, 0x0000000711000000|100%| E|CS|TAMS 0x0000000710f00000, 0x0000000710f00000| Complete 
| 226|0x0000000711000000, 0x0000000711100000, 0x0000000711100000|100%| E|CS|TAMS 0x0000000711000000, 0x0000000711000000| Complete 
| 227|0x0000000711100000, 0x0000000711200000, 0x0000000711200000|100%| E|CS|TAMS 0x0000000711100000, 0x0000000711100000| Complete 
| 228|0x0000000711200000, 0x0000000711300000, 0x0000000711300000|100%| E|CS|TAMS 0x0000000711200000, 0x0000000711200000| Complete 
| 229|0x0000000711300000, 0x0000000711400000, 0x0000000711400000|100%| E|CS|TAMS 0x0000000711300000, 0x0000000711300000| Complete 
| 230|0x0000000711400000, 0x0000000711500000, 0x0000000711500000|100%| E|CS|TAMS 0x0000000711400000, 0x0000000711400000| Complete 
| 231|0x0000000711500000, 0x0000000711600000, 0x0000000711600000|100%| E|CS|TAMS 0x0000000711500000, 0x0000000711500000| Complete 
| 232|0x0000000711600000, 0x0000000711700000, 0x0000000711700000|100%| E|CS|TAMS 0x0000000711600000, 0x0000000711600000| Complete 
| 233|0x0000000711700000, 0x0000000711800000, 0x0000000711800000|100%| E|CS|TAMS 0x0000000711700000, 0x0000000711700000| Complete 
| 234|0x0000000711800000, 0x0000000711900000, 0x0000000711900000|100%| E|CS|TAMS 0x0000000711800000, 0x0000000711800000| Complete 
| 235|0x0000000711900000, 0x0000000711a00000, 0x0000000711a00000|100%| E|CS|TAMS 0x0000000711900000, 0x0000000711900000| Complete 
| 236|0x0000000711a00000, 0x0000000711b00000, 0x0000000711b00000|100%| E|CS|TAMS 0x0000000711a00000, 0x0000000711a00000| Complete 
| 237|0x0000000711b00000, 0x0000000711c00000, 0x0000000711c00000|100%| E|CS|TAMS 0x0000000711b00000, 0x0000000711b00000| Complete 
| 238|0x0000000711c00000, 0x0000000711d00000, 0x0000000711d00000|100%| E|CS|TAMS 0x0000000711c00000, 0x0000000711c00000| Complete 
| 239|0x0000000711d00000, 0x0000000711e00000, 0x0000000711e00000|100%| E|CS|TAMS 0x0000000711d00000, 0x0000000711d00000| Complete 
| 240|0x0000000711e00000, 0x0000000711f00000, 0x0000000711f00000|100%| E|CS|TAMS 0x0000000711e00000, 0x0000000711e00000| Complete 
| 241|0x0000000711f00000, 0x0000000712000000, 0x0000000712000000|100%| E|CS|TAMS 0x0000000711f00000, 0x0000000711f00000| Complete 
| 242|0x0000000712000000, 0x0000000712100000, 0x0000000712100000|100%| E|CS|TAMS 0x0000000712000000, 0x0000000712000000| Complete 
| 243|0x0000000712100000, 0x0000000712200000, 0x0000000712200000|100%| E|CS|TAMS 0x0000000712100000, 0x0000000712100000| Complete 
| 244|0x0000000712200000, 0x0000000712300000, 0x0000000712300000|100%| E|CS|TAMS 0x0000000712200000, 0x0000000712200000| Complete 
| 245|0x0000000712300000, 0x0000000712400000, 0x0000000712400000|100%| E|CS|TAMS 0x0000000712300000, 0x0000000712300000| Complete 
| 246|0x0000000712400000, 0x0000000712500000, 0x0000000712500000|100%| E|CS|TAMS 0x0000000712400000, 0x0000000712400000| Complete 
| 247|0x0000000712500000, 0x0000000712600000, 0x0000000712600000|100%| E|CS|TAMS 0x0000000712500000, 0x0000000712500000| Complete 
| 248|0x0000000712600000, 0x0000000712700000, 0x0000000712700000|100%| E|CS|TAMS 0x0000000712600000, 0x0000000712600000| Complete 
| 249|0x0000000712700000, 0x0000000712800000, 0x0000000712800000|100%| E|CS|TAMS 0x0000000712700000, 0x0000000712700000| Complete 
| 250|0x0000000712800000, 0x0000000712900000, 0x0000000712900000|100%| E|CS|TAMS 0x0000000712800000, 0x0000000712800000| Complete 
| 251|0x0000000712900000, 0x0000000712a00000, 0x0000000712a00000|100%| E|CS|TAMS 0x0000000712900000, 0x0000000712900000| Complete 
| 252|0x0000000712a00000, 0x0000000712b00000, 0x0000000712b00000|100%| E|CS|TAMS 0x0000000712a00000, 0x0000000712a00000| Complete 
| 253|0x0000000712b00000, 0x0000000712c00000, 0x0000000712c00000|100%| E|CS|TAMS 0x0000000712b00000, 0x0000000712b00000| Complete 

Card table byte_map: [0x0000022629850000,0x000002262a040000] _byte_map_base: 0x0000022626039000

Marking Bits (Prev, Next): (CMBitMap*) 0x000002260f834768, (CMBitMap*) 0x000002260f8347a8
 Prev Bits: [0x000002262a830000, 0x000002262e778000)
 Next Bits: [0x000002262e780000, 0x00000226326c8000)

Polling page: 0x000002260f8a0000

Metaspace:

Usage:
  Non-class:      8.68 MB capacity,     8.48 MB ( 98%) used,   164.94 KB (  2%) free+waste,    46.19 KB ( <1%) overhead. 
      Class:      1.24 MB capacity,     1.03 MB ( 83%) used,   190.48 KB ( 15%) free+waste,    26.00 KB (  2%) overhead. 
       Both:      9.92 MB capacity,     9.50 MB ( 96%) used,   355.41 KB (  3%) free+waste,    72.19 KB ( <1%) overhead. 

Virtual space:
  Non-class space:       10.00 MB reserved,       8.75 MB ( 88%) committed 
      Class space:        1.00 GB reserved,       1.25 MB ( <1%) committed 
             Both:        1.01 GB reserved,      10.00 MB ( <1%) committed 

Chunk freelists:
   Non-Class:  768 bytes
       Class:  1.38 KB
        Both:  2.13 KB

CodeHeap 'non-profiled nmethods': size=120000Kb used=2756Kb max_used=2963Kb free=117243Kb
 bounds [0x0000022620ea0000, 0x0000022621190000, 0x00000226283d0000]
CodeHeap 'profiled nmethods': size=120000Kb used=3171Kb max_used=4749Kb free=116828Kb
 bounds [0x0000022619970000, 0x0000022619e20000, 0x0000022620ea0000]
CodeHeap 'non-nmethods': size=5760Kb used=1326Kb max_used=1410Kb free=4433Kb
 bounds [0x00000226193d0000, 0x0000022619640000, 0x0000022619970000]
 total_blobs=5071 nmethods=2154 adapters=518
 compilation: enabled
              stopped_count=0, restarted_count=0
 full_count=0

Compilation events (10 events):
Event: 878.353 Thread 0x0000022635d14000 2990       3       javax.swing.JComponent$KeyboardState::getKeyCodeArray (31 bytes)
Event: 878.353 Thread 0x0000022635d14000 nmethod 2990 0x00000226199e0990 code [0x00000226199e0bc0, 0x00000226199e1120]
Event: 878.513 Thread 0x0000022635d05800 2991       4       sun.java2d.SunGraphics2D::translate (14 bytes)
Event: 878.520 Thread 0x0000022635d05800 nmethod 2991 0x0000022620fbe390 code [0x0000022620fbe560, 0x0000022620fbeea8]
Event: 880.553 Thread 0x0000022635d14000 2992       3       sun.util.locale.LocaleObjectCache::get (126 bytes)
Event: 880.554 Thread 0x0000022635d14000 nmethod 2992 0x0000022619b5f590 code [0x0000022619b5f880, 0x0000022619b610b0]
Event: 880.554 Thread 0x0000022635d14000 2993       3       sun.util.locale.LocaleObjectCache::cleanStaleEntries (34 bytes)
Event: 880.554 Thread 0x0000022635d14000 nmethod 2993 0x00000226199e4190 code [0x00000226199e43a0, 0x00000226199e4b60]
Event: 882.884 Thread 0x0000022635d05800 2994   !   4       game.Game::paint (344 bytes)
Event: 882.904 Thread 0x0000022635d05800 nmethod 2994 0x000002262107f090 code [0x000002262107f4c0, 0x0000022621081058]

GC Heap History (10 events):
Event: 868.752 GC heap after
{Heap after GC invocations=375 (full 0):
 garbage-first heap   total 260096K, used 7393K [0x0000000702e00000, 0x0000000800000000)
  region size 1024K, 4 young (4096K), 4 survivors (4096K)
 Metaspace       used 9703K, capacity 10151K, committed 10240K, reserved 1058816K
  class space    used 1051K, capacity 1267K, committed 1280K, reserved 1048576K
}
Event: 871.422 GC heap before
{Heap before GC invocations=375 (full 0):
 garbage-first heap   total 260096K, used 158945K [0x0000000702e00000, 0x0000000800000000)
  region size 1024K, 152 young (155648K), 4 survivors (4096K)
 Metaspace       used 9703K, capacity 10151K, committed 10240K, reserved 1058816K
  class space    used 1051K, capacity 1267K, committed 1280K, reserved 1048576K
}
Event: 871.424 GC heap after
{Heap after GC invocations=376 (full 0):
 garbage-first heap   total 260096K, used 7393K [0x0000000702e00000, 0x0000000800000000)
  region size 1024K, 4 young (4096K), 4 survivors (4096K)
 Metaspace       used 9703K, capacity 10151K, committed 10240K, reserved 1058816K
  class space    used 1051K, capacity 1267K, committed 1280K, reserved 1048576K
}
Event: 874.401 GC heap before
{Heap before GC invocations=376 (full 0):
 garbage-first heap   total 260096K, used 158945K [0x0000000702e00000, 0x0000000800000000)
  region size 1024K, 152 young (155648K), 4 survivors (4096K)
 Metaspace       used 9703K, capacity 10151K, committed 10240K, reserved 1058816K
  class space    used 1051K, capacity 1267K, committed 1280K, reserved 1048576K
}
Event: 874.403 GC heap after
{Heap after GC invocations=377 (full 0):
 garbage-first heap   total 260096K, used 7498K [0x0000000702e00000, 0x0000000800000000)
  region size 1024K, 4 young (4096K), 4 survivors (4096K)
 Metaspace       used 9703K, capacity 10151K, committed 10240K, reserved 1058816K
  class space    used 1051K, capacity 1267K, committed 1280K, reserved 1048576K
}
Event: 877.713 GC heap before
{Heap before GC invocations=377 (full 0):
 garbage-first heap   total 260096K, used 159050K [0x0000000702e00000, 0x0000000800000000)
  region size 1024K, 152 young (155648K), 4 survivors (4096K)
 Metaspace       used 9725K, capacity 10157K, committed 10240K, reserved 1058816K
  class space    used 1052K, capacity 1269K, committed 1280K, reserved 1048576K
}
Event: 877.715 GC heap after
{Heap after GC invocations=378 (full 0):
 garbage-first heap   total 260096K, used 7719K [0x0000000702e00000, 0x0000000800000000)
  region size 1024K, 4 young (4096K), 4 survivors (4096K)
 Metaspace       used 9725K, capacity 10157K, committed 10240K, reserved 1058816K
  class space    used 1052K, capacity 1269K, committed 1280K, reserved 1048576K
}
Event: 880.705 GC heap before
{Heap before GC invocations=378 (full 0):
 garbage-first heap   total 260096K, used 159271K [0x0000000702e00000, 0x0000000800000000)
  region size 1024K, 152 young (155648K), 4 survivors (4096K)
 Metaspace       used 9731K, capacity 10159K, committed 10240K, reserved 1058816K
  class space    used 1052K, capacity 1269K, committed 1280K, reserved 1048576K
}
Event: 880.706 GC heap after
{Heap after GC invocations=379 (full 0):
 garbage-first heap   total 260096K, used 7532K [0x0000000702e00000, 0x0000000800000000)
  region size 1024K, 4 young (4096K), 4 survivors (4096K)
 Metaspace       used 9731K, capacity 10159K, committed 10240K, reserved 1058816K
  class space    used 1052K, capacity 1269K, committed 1280K, reserved 1048576K
}
Event: 883.557 GC heap before
{Heap before GC invocations=379 (full 0):
 garbage-first heap   total 260096K, used 159084K [0x0000000702e00000, 0x0000000800000000)
  region size 1024K, 152 young (155648K), 4 survivors (4096K)
 Metaspace       used 9731K, capacity 10159K, committed 10240K, reserved 1058816K
  class space    used 1052K, capacity 1269K, committed 1280K, reserved 1048576K
}

Deoptimization events (10 events):
Event: 792.763 Thread 0x000002263d1ee000 Uncommon trap: reason=unstable_if action=reinterpret pc=0x0000022621174be0 method=sun.java2d.pipe.PixelToParallelogramConverter.drawRectangle(Lsun/java2d/SunGraphics2D;DDDDD)V @ 263 c2
Event: 792.764 Thread 0x000002263d1ee000 Uncommon trap: reason=unstable_if action=reinterpret pc=0x0000022620f303c0 method=sun.java2d.pipe.RenderQueue.ensureCapacity(I)V @ 8 c2
Event: 795.556 Thread 0x000002263d1ee000 Uncommon trap: reason=class_check action=maybe_recompile pc=0x00000226210417ec method=java.awt.EventQueue.coalesceEvent(Ljava/awt/AWTEvent;I)Z @ 77 c2
Event: 795.557 Thread 0x000002263d1ee000 Uncommon trap: reason=unstable_if action=reinterpret pc=0x000002262116600c method=java.awt.Component.dispatchEventImpl(Ljava/awt/AWTEvent;)V @ 173 c2
Event: 795.557 Thread 0x000002263d1ee000 Uncommon trap: reason=unstable_fused_if action=reinterpret pc=0x000002262116ba7c method=java.awt.Component.eventTypeEnabled(I)Z @ 1 c2
Event: 795.557 Thread 0x000002263d1ee000 Uncommon trap: reason=unstable_if action=reinterpret pc=0x0000022620fecd88 method=sun.awt.windows.WComponentPeer.handleEvent(Ljava/awt/AWTEvent;)V @ 46 c2
Event: 795.589 Thread 0x000002263d1ee000 Uncommon trap: reason=class_check action=maybe_recompile pc=0x00000226210417ec method=java.awt.EventQueue.coalesceEvent(Ljava/awt/AWTEvent;I)Z @ 77 c2
Event: 795.618 Thread 0x000002263d1ee000 Uncommon trap: reason=class_check action=maybe_recompile pc=0x00000226210417ec method=java.awt.EventQueue.coalesceEvent(Ljava/awt/AWTEvent;I)Z @ 77 c2
Event: 795.657 Thread 0x000002263d1ee000 Uncommon trap: reason=class_check action=maybe_recompile pc=0x00000226210417ec method=java.awt.EventQueue.coalesceEvent(Ljava/awt/AWTEvent;I)Z @ 77 c2
Event: 851.023 Thread 0x000002263d1ee000 Uncommon trap: reason=class_check action=maybe_recompile pc=0x000002262105ce7c method=java.awt.EventQueue.coalesceEvent(Ljava/awt/AWTEvent;I)Z @ 77 c2

Classes redefined (10 events):
Event: 669.933 Thread 0x0000022635467800 redefined class name=utils.LevelEditor, count=27
Event: 690.893 Thread 0x0000022635467800 redefined class name=utils.LevelEditor$1, count=28
Event: 690.897 Thread 0x0000022635467800 redefined class name=utils.LevelEditor, count=28
Event: 705.171 Thread 0x0000022635467800 redefined class name=utils.LevelEditor$1, count=29
Event: 705.176 Thread 0x0000022635467800 redefined class name=utils.LevelEditor, count=29
Event: 792.757 Thread 0x0000022635467800 redefined class name=utils.LevelEditor$1, count=30
Event: 792.760 Thread 0x0000022635467800 redefined class name=utils.LevelEditor, count=30
Event: 877.560 Thread 0x0000022635467800 redefined class name=game.Game, count=1
Event: 877.563 Thread 0x0000022635467800 redefined class name=utils.LevelEditor$1, count=31
Event: 877.566 Thread 0x0000022635467800 redefined class name=utils.LevelEditor, count=32

Internal exceptions (10 events):
Event: 8.997 Thread 0x000002263d1ee000 Exception <a 'java/lang/NoSuchMethodError'{0x0000000711a19c80}: java.lang.invoke.DirectMethodHandle$Holder.invokeStatic(Ljava/lang/Object;Ljava/lang/Object;Ljava/lang/Object;Ljava/lang/Object;Ljava/lang/Object;Ljava/lang/Object;Ljava/lang/Object;Ljava/lan
Event: 9.001 Thread 0x000002263d1ee000 Exception <a 'java/lang/NoSuchMethodError'{0x0000000711911a00}: java.lang.invoke.DirectMethodHandle$Holder.invokeSpecial(Ljava/lang/Object;Ljava/lang/Object;JLjava/lang/Object;Ljava/lang/Object;Ljava/lang/Object;Ljava/lang/Object;I)Ljava/lang/Object;> (0x
Event: 9.001 Thread 0x000002263d1ee000 Exception <a 'java/lang/NoSuchMethodError'{0x0000000711914ea0}: java.lang.invoke.DelegatingMethodHandle$Holder.reinvoke_L(Ljava/lang/Object;JLjava/lang/Object;Ljava/lang/Object;Ljava/lang/Object;Ljava/lang/Object;I)Ljava/lang/Object;> (0x0000000711914ea0)
Event: 9.002 Thread 0x000002263d1ee000 Exception <a 'java/lang/NoSuchMethodError'{0x000000071192e0f8}: java.lang.invoke.DirectMethodHandle$Holder.invokeSpecial(Ljava/lang/Object;Ljava/lang/Object;Ljava/lang/Object;Ljava/lang/Object;Ljava/lang/Object;Ljava/lang/Object;I)Ljava/lang/Object;> (0x0
Event: 9.004 Thread 0x000002263d1ee000 Exception <a 'java/lang/NoSuchMethodError'{0x00000007119688d8}: java.lang.invoke.DirectMethodHandle$Holder.invokeSpecial(Ljava/lang/Object;Ljava/lang/Object;JLjava/lang/Object;III)Ljava/lang/Object;> (0x00000007119688d8) thrown at [t:/workspace/open/src/h
Event: 9.005 Thread 0x000002263d1ee000 Exception <a 'java/lang/NoSuchMethodError'{0x000000071196bb10}: java.lang.invoke.DelegatingMethodHandle$Holder.reinvoke_L(Ljava/lang/Object;JLjava/lang/Object;III)Ljava/lang/Object;> (0x000000071196bb10) thrown at [t:/workspace/open/src/hotspot/share/inte
Event: 9.005 Thread 0x000002263d1ee000 Exception <a 'java/lang/NoSuchMethodError'{0x0000000711980c28}: java.lang.invoke.DirectMethodHandle$Holder.invokeStatic(Ljava/lang/Object;Ljava/lang/Object;Ljava/lang/Object;Ljava/lang/Object;Ljava/lang/Object;J)Ljava/lang/Object;> (0x0000000711980c28) th
Event: 9.045 Thread 0x000002263d1ee000 Implicit null exception at 0x0000022620f451e6 to 0x0000022620f453ec
Event: 9.107 Thread 0x000002263d1ee000 Exception <a 'java/lang/NoSuchMethodError'{0x0000000711722aa8}: java.lang.invoke.DirectMethodHandle$Holder.invokeStatic(Ljava/lang/Object;Ljava/lang/Object;Ljava/lang/Object;Ljava/lang/Object;Ljava/lang/Object;Ljava/lang/Object;Ljava/lang/Object;Ljava/lan
Event: 9.108 Thread 0x000002263d1ee000 Exception <a 'java/lang/NoSuchMethodError'{0x0000000711742e50}: java.lang.invoke.DirectMethodHandle$Holder.invokeStatic(Ljava/lang/Object;Ljava/lang/Object;Ljava/lang/Object;Ljava/lang/Object;Ljava/lang/Object;Ljava/lang/Object;Ljava/lang/Object;Ljava/lan

Events (10 events):
Event: 880.706 Executing VM operation: G1CollectForAllocation done
Event: 881.592 Executing VM operation: BulkRevokeBias
Event: 881.592 Executing VM operation: BulkRevokeBias done
Event: 881.594 Executing VM operation: BulkRevokeBias
Event: 881.594 Executing VM operation: BulkRevokeBias done
Event: 883.250 Executing VM operation: ChangeBreakpoints
Event: 883.251 Executing VM operation: ChangeBreakpoints done
Event: 883.251 Thread 0x000002260f7cc000 DEOPT PACKING pc=0x0000022620fa8b24 sp=0x000000d5339ff070
Event: 883.251 Thread 0x000002260f7cc000 DEOPT UNPACKING pc=0x000002261940ef4e sp=0x000000d5339fe500 mode 0
Event: 883.557 Executing VM operation: G1CollectForAllocation


Dynamic libraries:
0x00007ff6688d0000 - 0x00007ff6688dd000 	D:\Programming Language Libraries\jdk-12\bin\java.exe
0x00007ffc8f960000 - 0x00007ffc8fb50000 	C:\WINDOWS\SYSTEM32\ntdll.dll
0x00007ffc8e220000 - 0x00007ffc8e2d2000 	C:\WINDOWS\System32\KERNEL32.DLL
0x00007ffc8cb20000 - 0x00007ffc8cdc4000 	C:\WINDOWS\System32\KERNELBASE.dll
0x00007ffc8c8f0000 - 0x00007ffc8c9ea000 	C:\WINDOWS\System32\ucrtbase.dll
0x00007ffc83360000 - 0x00007ffc83377000 	D:\Programming Language Libraries\jdk-12\bin\jli.dll
0x00007ffc83380000 - 0x00007ffc83396000 	D:\Programming Language Libraries\jdk-12\bin\VCRUNTIME140.dll
0x00007ffc8df20000 - 0x00007ffc8e0b4000 	C:\WINDOWS\System32\USER32.dll
0x00007ffc8d840000 - 0x00007ffc8d861000 	C:\WINDOWS\System32\win32u.dll
0x00007ffc7d100000 - 0x00007ffc7d384000 	C:\WINDOWS\WinSxS\amd64_microsoft.windows.common-controls_6595b64144ccf1df_6.0.18362.900_none_e6beb9d913147d17\COMCTL32.dll
0x00007ffc8e1f0000 - 0x00007ffc8e216000 	C:\WINDOWS\System32\GDI32.dll
0x00007ffc8e420000 - 0x00007ffc8e4be000 	C:\WINDOWS\System32\msvcrt.dll
0x00007ffc8d870000 - 0x00007ffc8da05000 	C:\WINDOWS\System32\gdi32full.dll
0x00007ffc8e4c0000 - 0x00007ffc8e7f5000 	C:\WINDOWS\System32\combase.dll
0x00007ffc8cf40000 - 0x00007ffc8cfde000 	C:\WINDOWS\System32\msvcp_win.dll
0x00007ffc8f0b0000 - 0x00007ffc8f1d0000 	C:\WINDOWS\System32\RPCRT4.dll
0x00007ffc8c9f0000 - 0x00007ffc8ca70000 	C:\WINDOWS\System32\bcryptPrimitives.dll
0x00007ffc8f080000 - 0x00007ffc8f0ae000 	C:\WINDOWS\System32\IMM32.DLL
0x00007ffc82700000 - 0x00007ffc827aa000 	D:\Programming Language Libraries\jdk-12\bin\msvcp140.dll
0x00007ffc31830000 - 0x00007ffc323a4000 	D:\Programming Language Libraries\jdk-12\bin\server\jvm.dll
0x00007ffc8de70000 - 0x00007ffc8df13000 	C:\WINDOWS\System32\ADVAPI32.dll
0x00007ffc8e0c0000 - 0x00007ffc8e157000 	C:\WINDOWS\System32\sechost.dll
0x00007ffc8db70000 - 0x00007ffc8db78000 	C:\WINDOWS\System32\PSAPI.DLL
0x00007ffc82360000 - 0x00007ffc82369000 	C:\WINDOWS\SYSTEM32\WSOCK32.dll
0x00007ffc8e2e0000 - 0x00007ffc8e34f000 	C:\WINDOWS\System32\WS2_32.dll
0x00007ffc84e90000 - 0x00007ffc84e9a000 	C:\WINDOWS\SYSTEM32\VERSION.dll
0x00007ffc8a350000 - 0x00007ffc8a374000 	C:\WINDOWS\SYSTEM32\WINMM.dll
0x00007ffc8a320000 - 0x00007ffc8a34d000 	C:\WINDOWS\SYSTEM32\winmmbase.dll
0x00007ffc8d760000 - 0x00007ffc8d7aa000 	C:\WINDOWS\System32\cfgmgr32.dll
0x00007ffc8c830000 - 0x00007ffc8c841000 	C:\WINDOWS\System32\kernel.appcore.dll
0x00007ffc826e0000 - 0x00007ffc826f1000 	D:\Programming Language Libraries\jdk-12\bin\verify.dll
0x00007ffc8b0b0000 - 0x00007ffc8b2a4000 	C:\WINDOWS\SYSTEM32\DBGHELP.DLL
0x00007ffc75900000 - 0x00007ffc7592a000 	C:\WINDOWS\SYSTEM32\dbgcore.DLL
0x00007ffc826b0000 - 0x00007ffc826d6000 	D:\Programming Language Libraries\jdk-12\bin\java.dll
0x00007ffc82640000 - 0x00007ffc82678000 	D:\Programming Language Libraries\jdk-12\bin\jdwp.dll
0x00007ffc82630000 - 0x00007ffc8263e000 	D:\Programming Language Libraries\jdk-12\bin\instrument.dll
0x00007ffc82690000 - 0x00007ffc826a7000 	D:\Programming Language Libraries\jdk-12\bin\zip.dll
0x00007ffc82680000 - 0x00007ffc8268a000 	D:\Programming Language Libraries\jdk-12\bin\jimage.dll
0x00007ffc8f230000 - 0x00007ffc8f916000 	C:\WINDOWS\System32\SHELL32.dll
0x00007ffc8ef50000 - 0x00007ffc8eff9000 	C:\WINDOWS\System32\shcore.dll
0x00007ffc8cfe0000 - 0x00007ffc8d760000 	C:\WINDOWS\System32\windows.storage.dll
0x00007ffc8c850000 - 0x00007ffc8c873000 	C:\WINDOWS\System32\profapi.dll
0x00007ffc8c8a0000 - 0x00007ffc8c8ea000 	C:\WINDOWS\System32\powrprof.dll
0x00007ffc8c820000 - 0x00007ffc8c830000 	C:\WINDOWS\System32\UMPDC.dll
0x00007ffc8f1d0000 - 0x00007ffc8f222000 	C:\WINDOWS\System32\shlwapi.dll
0x00007ffc8cf20000 - 0x00007ffc8cf37000 	C:\WINDOWS\System32\cryptsp.dll
0x00007ffc82600000 - 0x00007ffc8260a000 	D:\Programming Language Libraries\jdk-12\bin\dt_socket.dll
0x00007ffc8c090000 - 0x00007ffc8c0f7000 	C:\WINDOWS\system32\mswsock.dll
0x00007ffc82610000 - 0x00007ffc82629000 	D:\Programming Language Libraries\jdk-12\bin\net.dll
0x00007ffc86910000 - 0x00007ffc86a00000 	C:\WINDOWS\SYSTEM32\WINHTTP.dll
0x00007ffc80ef0000 - 0x00007ffc810c6000 	C:\WINDOWS\SYSTEM32\urlmon.dll
0x00007ffc81230000 - 0x00007ffc814d6000 	C:\WINDOWS\SYSTEM32\iertutil.dll
0x00007ffc8c260000 - 0x00007ffc8c26c000 	C:\WINDOWS\SYSTEM32\CRYPTBASE.DLL
0x00007ffc825e0000 - 0x00007ffc825f3000 	D:\Programming Language Libraries\jdk-12\bin\nio.dll
0x00007ffc52080000 - 0x00007ffc5221e000 	D:\Programming Language Libraries\jdk-12\bin\awt.dll
0x00007ffc8e350000 - 0x00007ffc8e415000 	C:\WINDOWS\System32\OLEAUT32.dll
0x00007ffc88f30000 - 0x00007ffc894f0000 	C:\WINDOWS\SYSTEM32\d2d1.dll
0x00007ffc8a580000 - 0x00007ffc8a60f000 	C:\WINDOWS\SYSTEM32\apphelp.dll
0x00007ffc8ab90000 - 0x00007ffc8abbd000 	C:\WINDOWS\system32\DWMAPI.DLL
0x00007ffc8a6c0000 - 0x00007ffc8a759000 	C:\WINDOWS\system32\uxtheme.dll
0x00007ffc711f0000 - 0x00007ffc71346000 	C:\WINDOWS\system32\opengl32.dll
0x00007ffc7b320000 - 0x00007ffc7b34c000 	C:\WINDOWS\SYSTEM32\GLU32.dll
0x00007ffc8b490000 - 0x00007ffc8b4b0000 	C:\WINDOWS\SYSTEM32\dxcore.dll
0x00007ffc8dc40000 - 0x00007ffc8dd75000 	C:\WINDOWS\System32\MSCTF.dll
0x00007ffc8da10000 - 0x00007ffc8db67000 	C:\WINDOWS\System32\ole32.dll
0x00007ffc81700000 - 0x00007ffc818c7000 	C:\WINDOWS\system32\d3d9.dll
0x00007ffc84100000 - 0x00007ffc841ef000 	C:\WINDOWS\System32\DriverStore\FileRepository\nvdd.inf_amd64_ef890633f6cefa94\nvldumdx.dll
0x00007ffc8cdd0000 - 0x00007ffc8cf19000 	C:\WINDOWS\System32\crypt32.dll
0x00007ffc8c880000 - 0x00007ffc8c892000 	C:\WINDOWS\System32\MSASN1.dll
0x00007ffc85160000 - 0x00007ffc8518f000 	C:\WINDOWS\SYSTEM32\cryptnet.dll
0x00007ffc8d7b0000 - 0x00007ffc8d80c000 	C:\WINDOWS\System32\WINTRUST.DLL
0x00007ffc8e1d0000 - 0x00007ffc8e1ed000 	C:\WINDOWS\System32\imagehlp.dll
0x00007ffc8bc00000 - 0x00007ffc8bc33000 	C:\WINDOWS\system32\rsaenh.dll
0x00007ffc8d810000 - 0x00007ffc8d836000 	C:\WINDOWS\System32\bcrypt.dll
0x00007ffc3ebe0000 - 0x00007ffc400e7000 	C:\WINDOWS\System32\DriverStore\FileRepository\nvdd.inf_amd64_ef890633f6cefa94\nvd3dumx.dll
0x00007ffc8b440000 - 0x00007ffc8b462000 	C:\WINDOWS\SYSTEM32\gpapi.dll
0x00007ffc7bc10000 - 0x00007ffc7bc90000 	D:\Programming Language Libraries\jdk-12\bin\freetype.dll
0x00007ffc7bba0000 - 0x00007ffc7bc0f000 	D:\Programming Language Libraries\jdk-12\bin\fontmanager.dll
0x00007ffc82be0000 - 0x00007ffc82c7e000 	C:\WINDOWS\System32\TextInputFramework.dll
0x00007ffc8a240000 - 0x00007ffc8a314000 	C:\WINDOWS\System32\CoreMessaging.dll
0x00007ffc87270000 - 0x00007ffc8759a000 	C:\WINDOWS\System32\CoreUIComponents.dll
0x00007ffc8b880000 - 0x00007ffc8b8b1000 	C:\WINDOWS\SYSTEM32\ntmarta.dll
0x00007ffc882f0000 - 0x00007ffc88443000 	C:\WINDOWS\SYSTEM32\wintypes.dll

dbghelp: loaded successfully - version: 4.0.5 - missing functions: none
symbol engine: initialized successfully - sym options: 0x614 - pdb path: .;D:\Programming Language Libraries\jdk-12\bin;C:\WINDOWS\SYSTEM32;C:\WINDOWS\WinSxS\amd64_microsoft.windows.common-controls_6595b64144ccf1df_6.0.18362.900_none_e6beb9d913147d17;D:\Programming Language Libraries\jdk-12\bin\server;C:\WINDOWS\System32\DriverStore\FileRepository\nvdd.inf_amd64_ef890633f6cefa94

VM Arguments:
jvm_args: -agentlib:jdwp=transport=dt_socket,address=127.0.0.1:61824,suspend=y,server=n -javaagent:C:\Users\Owner\AppData\Local\JetBrains\IdeaIC2020.1\groovyHotSwap\gragent.jar -javaagent:C:\Users\Owner\AppData\Local\JetBrains\IdeaIC2020.1\captureAgent\debugger-agent.jar -Dfile.encoding=UTF-8 
java_command: utils.LevelEditor
java_class_path (initial): D:\Programs\Minecraft\modSources\untitled14\build\classes\java\main;C:\Users\Owner\.gradle\caches\modules-2\files-2.1\org.codehaus.groovy\groovy-all\2.3.11\f6b34997d04c1538ce451d3955298f46fdb4dbd4\groovy-all-2.3.11.jar;C:\Program Files\JetBrains\IntelliJ IDEA Community Edition 2019.1.3\lib\idea_rt.jar
Launcher Type: SUN_STANDARD

[Global flags]
     intx CICompilerCount                          = 4                                         {product} {ergonomic}
     uint ConcGCThreads                            = 3                                         {product} {ergonomic}
     uint G1ConcRefinementThreads                  = 10                                        {product} {ergonomic}
   size_t G1HeapRegionSize                         = 1048576                                   {product} {ergonomic}
    uintx GCDrainStackTargetSize                   = 64                                        {product} {ergonomic}
   size_t InitialHeapSize                          = 266338304                                 {product} {ergonomic}
   size_t MarkStackSize                            = 4194304                                   {product} {ergonomic}
   size_t MaxHeapSize                              = 4246732800                                {product} {ergonomic}
   size_t MaxNewSize                               = 2548039680                                {product} {ergonomic}
   size_t MinHeapDeltaBytes                        = 1048576                                   {product} {ergonomic}
    uintx NonNMethodCodeHeapSize                   = 5836300                                {pd product} {ergonomic}
    uintx NonProfiledCodeHeapSize                  = 122910970                              {pd product} {ergonomic}
    uintx ProfiledCodeHeapSize                     = 122910970                              {pd product} {ergonomic}
    uintx ReservedCodeCacheSize                    = 251658240                              {pd product} {ergonomic}
     bool SegmentedCodeCache                       = true                                      {product} {ergonomic}
     bool UseCompressedClassPointers               = true                                 {lp64_product} {ergonomic}
     bool UseCompressedOops                        = true                                 {lp64_product} {ergonomic}
     bool UseG1GC                                  = true                                      {product} {ergonomic}
     bool UseLargePagesIndividualAllocation        = false                                  {pd product} {ergonomic}

Logging:
Log output configuration:
 #0: stdout all=warning uptime,level,tags
 #1: stderr all=off uptime,level,tags

Environment Variables:
JAVA_HOME=D:\Programming Language Libraries\jdk-12
PATH=C:\Program Files\Oculus\Support\oculus-runtime;C:\Program Files (x86)\Java\jre1.8.0_241\bin;C:\Program Files (x86)\Common Files\Oracle\Java\javapath;C:\WINDOWS\system32;C:\WINDOWS;C:\WINDOWS\System32\Wbem;C:\WINDOWS\System32\WindowsPowerShell\v1.0\;C:\WINDOWS\System32\OpenSSH\;C:\Program Files\Git\cmd;D:\Programs\Gource\cmd;C:\Users\Owner\AppData\Local\Programs\Python\Python38\Scripts\;C:\Users\Owner\AppData\Local\Programs\Python\Python38\;C:\Users\Owner\AppData\Local\Microsoft\WindowsApps;
USERNAME=Owner
OS=Windows_NT
PROCESSOR_IDENTIFIER=Intel64 Family 6 Model 158 Stepping 10, GenuineIntel



---------------  S Y S T E M  ---------------

OS: Windows 10 , 64 bit Build 18362 (10.0.18362.900)

CPU:total 12 (initial active 12) (6 cores per cpu, 2 threads per core) family 6 model 158 stepping 10, cmov, cx8, fxsr, mmx, sse, sse2, sse3, ssse3, sse4.1, sse4.2, popcnt, avx, avx2, aes, clmul, erms, rtm, 3dnowpref, lzcnt, ht, tsc, tscinvbit, bmi1, bmi2, adx, fma

Memory: 4k page, system-wide physical 16194M (7490M free)
TotalPageFile size 32066M (AvailPageFile size 19784M)
current process WorkingSet (physical memory assigned to process): 301M, peak: 366M
current process commit charge ("private bytes"): 475M, peak: 741M

vm_info: OpenJDK 64-Bit Server VM (12+32) for windows-amd64 JRE (12+32), built on Feb 14 2019 05:18:05 by "mach5one" with MS VC++ 15.5 (VS2017)

END.
