#
# A fatal error has been detected by the Java Runtime Environment:
#
#  Internal Error (t:/workspace/open/src/hotspot/share/oops/generateOopMap.cpp:2164), pid=2936, tid=22668
#  fatal error: Illegal class file encountered. Try running with -Xverify:all in method update
#
# JRE version: OpenJDK Runtime Environment (12.0+32) (build 12+32)
# Java VM: OpenJDK 64-Bit Server VM (12+32, mixed mode, sharing, tiered, compressed oops, g1 gc, windows-amd64)
# No core dump will be written. Minidumps are not enabled by default on client versions of Windows
#
# If you would like to submit a bug report, please visit:
#   http://bugreport.java.com/bugreport/crash.jsp
#

---------------  S U M M A R Y ------------

Command Line: -agentlib:jdwp=transport=dt_socket,server=n,suspend=y,address=52083 -Dfile.encoding=windows-1252 -Duser.country=US -Duser.language=en -Duser.variant game.Game

Host: Intel(R) Core(TM) i7-8700 CPU @ 3.20GHz, 12 cores, 15G,  Windows 10 , 64 bit Build 18362 (10.0.18362.900)
Time: Thu Jul  9 17:03:21 2020 Eastern Daylight Time elapsed time: 169 seconds (0d 0h 2m 49s)

---------------  T H R E A D  ---------------

Current thread (0x00000289ff5e6000):  VMThread "VM Thread" [stack: 0x0000009361900000,0x0000009361a00000] [id=22668]

Stack: [0x0000009361900000,0x0000009361a00000]
[error occurred during error reporting (printing stack bounds), id 0xc0000005, EXCEPTION_ACCESS_VIOLATION (0xc0000005) at pc=0x0000028980000bad]

Native frames: (J=compiled Java code, j=interpreted, Vv=VM code, C=native code)
V  [jvm.dll+0x63915a]
V  [jvm.dll+0x78b0af]
V  [jvm.dll+0x78c751]
V  [jvm.dll+0x78cd05]
V  [jvm.dll+0x78ccbb]
V  [jvm.dll+0x638864]
V  [jvm.dll+0x638c28]
C  [ntdll.dll+0xa11cf]
C  [ntdll.dll+0x6a209]
C  [ntdll.dll+0x9fe3e]
C  0x0000028980000bad

VM_Operation (0x00000093621ff370): GetOrSetLocal, mode: safepoint, requested by thread 0x00000289911e8800


---------------  P R O C E S S  ---------------

Threads class SMR info:
_java_thread_list=0x00000289918e5b00, length=18, elements={
0x00000289ec889000, 0x00000289ff5e7800, 0x00000289ff5eb800, 0x00000289ff60e000,
0x0000028991084000, 0x0000028991085000, 0x0000028991089000, 0x000002899108e000,
0x00000289911e8800, 0x00000289911ea000, 0x00000289911eb800, 0x00000289911fa800,
0x0000028991206800, 0x00000289918f2000, 0x00000289918f6800, 0x00000289918fb800,
0x0000028998424000, 0x000002899847c000
}

Java Threads: ( => current thread )
  0x00000289ec889000 JavaThread "main" [_thread_blocked, id=24292, stack(0x0000009361300000,0x0000009361400000)]
  0x00000289ff5e7800 JavaThread "Reference Handler" daemon [_thread_blocked, id=21376, stack(0x0000009361a00000,0x0000009361b00000)]
  0x00000289ff5eb800 JavaThread "Finalizer" daemon [_thread_blocked, id=18136, stack(0x0000009361b00000,0x0000009361c00000)]
  0x00000289ff60e000 JavaThread "Signal Dispatcher" daemon [_thread_blocked, id=6700, stack(0x0000009361c00000,0x0000009361d00000)]
  0x0000028991084000 JavaThread "Attach Listener" daemon [_thread_blocked, id=20236, stack(0x0000009361d00000,0x0000009361e00000)]
  0x0000028991085000 JavaThread "C2 CompilerThread0" daemon [_thread_blocked, id=28024, stack(0x0000009361e00000,0x0000009361f00000)]
  0x0000028991089000 JavaThread "C1 CompilerThread0" daemon [_thread_blocked, id=24552, stack(0x0000009361f00000,0x0000009362000000)]
  0x000002899108e000 JavaThread "Sweeper thread" daemon [_thread_blocked, id=27300, stack(0x0000009362000000,0x0000009362100000)]
  0x00000289911e8800 JavaThread "JDWP Transport Listener: dt_socket" daemon [_thread_blocked, id=27532, stack(0x0000009362100000,0x0000009362200000)] _threads_hazard_ptr=0x00000289918e5b00
  0x00000289911ea000 JavaThread "JDWP Event Helper Thread" daemon [_thread_blocked, id=22396, stack(0x0000009362200000,0x0000009362300000)]
  0x00000289911eb800 JavaThread "JDWP Command Reader" daemon [_thread_in_native, id=1324, stack(0x0000009362300000,0x0000009362400000)]
  0x00000289911fa800 JavaThread "Service Thread" daemon [_thread_blocked, id=29792, stack(0x0000009362400000,0x0000009362500000)]
  0x0000028991206800 JavaThread "Common-Cleaner" daemon [_thread_blocked, id=4304, stack(0x0000009362600000,0x0000009362700000)]
  0x00000289918f2000 JavaThread "Java2D Disposer" daemon [_thread_blocked, id=15248, stack(0x0000009362700000,0x0000009362800000)]
  0x00000289918f6800 JavaThread "AWT-Shutdown" [_thread_blocked, id=14396, stack(0x0000009362800000,0x0000009362900000)]
  0x00000289918fb800 JavaThread "AWT-Windows" daemon [_thread_blocked, id=20116, stack(0x0000009362900000,0x0000009362a00000)]
  0x0000028998424000 JavaThread "AWT-EventQueue-0" [_thread_blocked, id=3776, stack(0x0000009362c00000,0x0000009362d00000)]
  0x000002899847c000 JavaThread "D3D Screen Updater" daemon [_thread_in_native, id=14220, stack(0x0000009362d00000,0x0000009362e00000)]

Other Threads:
=>0x00000289ff5e6000 VMThread "VM Thread" [stack: 0x0000009361900000,0x0000009361a00000] [id=22668]
  0x0000028991201800 WatcherThread [stack: 0x0000009362500000,0x0000009362600000] [id=23796]
  0x00000289ec8ed000 GCTaskThread "GC Thread#0" [stack: 0x0000009361400000,0x0000009361500000] [id=21608]
  0x000002899ffb9800 GCTaskThread "GC Thread#1" [stack: 0x0000009363020000,0x0000009363120000] [id=28964]
  0x0000028998dd5800 GCTaskThread "GC Thread#2" [stack: 0x0000009363120000,0x0000009363220000] [id=12008]
  0x000002899eec0800 GCTaskThread "GC Thread#3" [stack: 0x0000009363220000,0x0000009363320000] [id=15264]
  0x000002899def0800 GCTaskThread "GC Thread#4" [stack: 0x0000009363320000,0x0000009363420000] [id=24228]
  0x000002899eeb8000 GCTaskThread "GC Thread#5" [stack: 0x0000009363420000,0x0000009363520000] [id=16356]
  0x00000289ec907800 ConcurrentGCThread "G1 Main Marker" [stack: 0x0000009361500000,0x0000009361600000] [id=22216]
  0x00000289ec90a000 ConcurrentGCThread "G1 Conc#0" [stack: 0x0000009361600000,0x0000009361700000] [id=18284]
  0x00000289ff4e0800 ConcurrentGCThread "G1 Refine#0" [stack: 0x0000009361700000,0x0000009361800000] [id=10632]
  0x00000289ff4e1800 ConcurrentGCThread "G1 Young RemSet Sampling" [stack: 0x0000009361800000,0x0000009361900000] [id=13292]

Threads with active compile tasks:

VM state:at safepoint (normal execution)

VM Mutex/Monitor currently owned by a thread:  ([mutex/lock_event])
[0x00000289ec885260] Threads_lock - owner thread: 0x00000289ff5e6000

Heap address: 0x0000000702e00000, size: 4050 MB, Compressed Oops mode: Zero based, Oop shift amount: 3
Narrow klass base: 0x0000000800000000, Narrow klass shift: 3
Compressed class space size: 1073741824 Address: 0x00000008011a0000

Heap:
 garbage-first heap   total 260096K, used 68938K [0x0000000702e00000, 0x0000000800000000)
  region size 1024K, 69 young (70656K), 3 survivors (3072K)
 Metaspace       used 7275K, capacity 7575K, committed 7680K, reserved 1056768K
  class space    used 794K, capacity 945K, committed 1024K, reserved 1048576K
Heap Regions: E=young(eden), S=young(survivor), O=old, HS=humongous(starts), HC=humongous(continues), CS=collection set, F=free, A=archive, TAMS=top-at-mark-start (previous, next)
|   0|0x0000000702e00000, 0x0000000702e00000, 0x0000000702f00000|  0%| F|  |TAMS 0x0000000702e00000, 0x0000000702e00000| Untracked 
|   1|0x0000000702f00000, 0x0000000702f00000, 0x0000000703000000|  0%| F|  |TAMS 0x0000000702f00000, 0x0000000702f00000| Untracked 
|   2|0x0000000703000000, 0x0000000703000000, 0x0000000703100000|  0%| F|  |TAMS 0x0000000703000000, 0x0000000703000000| Untracked 
|   3|0x0000000703100000, 0x0000000703100000, 0x0000000703200000|  0%| F|  |TAMS 0x0000000703100000, 0x0000000703100000| Untracked 
|   4|0x0000000703200000, 0x0000000703200000, 0x0000000703300000|  0%| F|  |TAMS 0x0000000703200000, 0x0000000703200000| Untracked 
|   5|0x0000000703300000, 0x0000000703300000, 0x0000000703400000|  0%| F|  |TAMS 0x0000000703300000, 0x0000000703300000| Untracked 
|   6|0x0000000703400000, 0x0000000703400000, 0x0000000703500000|  0%| F|  |TAMS 0x0000000703400000, 0x0000000703400000| Untracked 
|   7|0x0000000703500000, 0x0000000703500000, 0x0000000703600000|  0%| F|  |TAMS 0x0000000703500000, 0x0000000703500000| Untracked 
|   8|0x0000000703600000, 0x0000000703600000, 0x0000000703700000|  0%| F|  |TAMS 0x0000000703600000, 0x0000000703600000| Untracked 
|   9|0x0000000703700000, 0x0000000703700000, 0x0000000703800000|  0%| F|  |TAMS 0x0000000703700000, 0x0000000703700000| Untracked 
|  10|0x0000000703800000, 0x0000000703800000, 0x0000000703900000|  0%| F|  |TAMS 0x0000000703800000, 0x0000000703800000| Untracked 
|  11|0x0000000703900000, 0x0000000703900000, 0x0000000703a00000|  0%| F|  |TAMS 0x0000000703900000, 0x0000000703900000| Untracked 
|  12|0x0000000703a00000, 0x0000000703a00000, 0x0000000703b00000|  0%| F|  |TAMS 0x0000000703a00000, 0x0000000703a00000| Untracked 
|  13|0x0000000703b00000, 0x0000000703b00000, 0x0000000703c00000|  0%| F|  |TAMS 0x0000000703b00000, 0x0000000703b00000| Untracked 
|  14|0x0000000703c00000, 0x0000000703c00000, 0x0000000703d00000|  0%| F|  |TAMS 0x0000000703c00000, 0x0000000703c00000| Untracked 
|  15|0x0000000703d00000, 0x0000000703d00000, 0x0000000703e00000|  0%| F|  |TAMS 0x0000000703d00000, 0x0000000703d00000| Untracked 
|  16|0x0000000703e00000, 0x0000000703e00000, 0x0000000703f00000|  0%| F|  |TAMS 0x0000000703e00000, 0x0000000703e00000| Untracked 
|  17|0x0000000703f00000, 0x0000000703f00000, 0x0000000704000000|  0%| F|  |TAMS 0x0000000703f00000, 0x0000000703f00000| Untracked 
|  18|0x0000000704000000, 0x0000000704000000, 0x0000000704100000|  0%| F|  |TAMS 0x0000000704000000, 0x0000000704000000| Untracked 
|  19|0x0000000704100000, 0x0000000704100000, 0x0000000704200000|  0%| F|  |TAMS 0x0000000704100000, 0x0000000704100000| Untracked 
|  20|0x0000000704200000, 0x0000000704200000, 0x0000000704300000|  0%| F|  |TAMS 0x0000000704200000, 0x0000000704200000| Untracked 
|  21|0x0000000704300000, 0x0000000704300000, 0x0000000704400000|  0%| F|  |TAMS 0x0000000704300000, 0x0000000704300000| Untracked 
|  22|0x0000000704400000, 0x0000000704400000, 0x0000000704500000|  0%| F|  |TAMS 0x0000000704400000, 0x0000000704400000| Untracked 
|  23|0x0000000704500000, 0x0000000704500000, 0x0000000704600000|  0%| F|  |TAMS 0x0000000704500000, 0x0000000704500000| Untracked 
|  24|0x0000000704600000, 0x0000000704600000, 0x0000000704700000|  0%| F|  |TAMS 0x0000000704600000, 0x0000000704600000| Untracked 
|  25|0x0000000704700000, 0x0000000704700000, 0x0000000704800000|  0%| F|  |TAMS 0x0000000704700000, 0x0000000704700000| Untracked 
|  26|0x0000000704800000, 0x0000000704800000, 0x0000000704900000|  0%| F|  |TAMS 0x0000000704800000, 0x0000000704800000| Untracked 
|  27|0x0000000704900000, 0x0000000704900000, 0x0000000704a00000|  0%| F|  |TAMS 0x0000000704900000, 0x0000000704900000| Untracked 
|  28|0x0000000704a00000, 0x0000000704a00000, 0x0000000704b00000|  0%| F|  |TAMS 0x0000000704a00000, 0x0000000704a00000| Untracked 
|  29|0x0000000704b00000, 0x0000000704b00000, 0x0000000704c00000|  0%| F|  |TAMS 0x0000000704b00000, 0x0000000704b00000| Untracked 
|  30|0x0000000704c00000, 0x0000000704c00000, 0x0000000704d00000|  0%| F|  |TAMS 0x0000000704c00000, 0x0000000704c00000| Untracked 
|  31|0x0000000704d00000, 0x0000000704d00000, 0x0000000704e00000|  0%| F|  |TAMS 0x0000000704d00000, 0x0000000704d00000| Untracked 
|  32|0x0000000704e00000, 0x0000000704e00000, 0x0000000704f00000|  0%| F|  |TAMS 0x0000000704e00000, 0x0000000704e00000| Untracked 
|  33|0x0000000704f00000, 0x0000000704f00000, 0x0000000705000000|  0%| F|  |TAMS 0x0000000704f00000, 0x0000000704f00000| Untracked 
|  34|0x0000000705000000, 0x0000000705000000, 0x0000000705100000|  0%| F|  |TAMS 0x0000000705000000, 0x0000000705000000| Untracked 
|  35|0x0000000705100000, 0x0000000705100000, 0x0000000705200000|  0%| F|  |TAMS 0x0000000705100000, 0x0000000705100000| Untracked 
|  36|0x0000000705200000, 0x0000000705200000, 0x0000000705300000|  0%| F|  |TAMS 0x0000000705200000, 0x0000000705200000| Untracked 
|  37|0x0000000705300000, 0x0000000705300000, 0x0000000705400000|  0%| F|  |TAMS 0x0000000705300000, 0x0000000705300000| Untracked 
|  38|0x0000000705400000, 0x0000000705400000, 0x0000000705500000|  0%| F|  |TAMS 0x0000000705400000, 0x0000000705400000| Untracked 
|  39|0x0000000705500000, 0x0000000705500000, 0x0000000705600000|  0%| F|  |TAMS 0x0000000705500000, 0x0000000705500000| Untracked 
|  40|0x0000000705600000, 0x0000000705600000, 0x0000000705700000|  0%| F|  |TAMS 0x0000000705600000, 0x0000000705600000| Untracked 
|  41|0x0000000705700000, 0x0000000705700000, 0x0000000705800000|  0%| F|  |TAMS 0x0000000705700000, 0x0000000705700000| Untracked 
|  42|0x0000000705800000, 0x0000000705800000, 0x0000000705900000|  0%| F|  |TAMS 0x0000000705800000, 0x0000000705800000| Untracked 
|  43|0x0000000705900000, 0x0000000705900000, 0x0000000705a00000|  0%| F|  |TAMS 0x0000000705900000, 0x0000000705900000| Untracked 
|  44|0x0000000705a00000, 0x0000000705a00000, 0x0000000705b00000|  0%| F|  |TAMS 0x0000000705a00000, 0x0000000705a00000| Untracked 
|  45|0x0000000705b00000, 0x0000000705b00000, 0x0000000705c00000|  0%| F|  |TAMS 0x0000000705b00000, 0x0000000705b00000| Untracked 
|  46|0x0000000705c00000, 0x0000000705c00000, 0x0000000705d00000|  0%| F|  |TAMS 0x0000000705c00000, 0x0000000705c00000| Untracked 
|  47|0x0000000705d00000, 0x0000000705d00000, 0x0000000705e00000|  0%| F|  |TAMS 0x0000000705d00000, 0x0000000705d00000| Untracked 
|  48|0x0000000705e00000, 0x0000000705e00000, 0x0000000705f00000|  0%| F|  |TAMS 0x0000000705e00000, 0x0000000705e00000| Untracked 
|  49|0x0000000705f00000, 0x0000000705f00000, 0x0000000706000000|  0%| F|  |TAMS 0x0000000705f00000, 0x0000000705f00000| Untracked 
|  50|0x0000000706000000, 0x0000000706000000, 0x0000000706100000|  0%| F|  |TAMS 0x0000000706000000, 0x0000000706000000| Untracked 
|  51|0x0000000706100000, 0x0000000706100000, 0x0000000706200000|  0%| F|  |TAMS 0x0000000706100000, 0x0000000706100000| Untracked 
|  52|0x0000000706200000, 0x0000000706200000, 0x0000000706300000|  0%| F|  |TAMS 0x0000000706200000, 0x0000000706200000| Untracked 
|  53|0x0000000706300000, 0x0000000706300000, 0x0000000706400000|  0%| F|  |TAMS 0x0000000706300000, 0x0000000706300000| Untracked 
|  54|0x0000000706400000, 0x0000000706400000, 0x0000000706500000|  0%| F|  |TAMS 0x0000000706400000, 0x0000000706400000| Untracked 
|  55|0x0000000706500000, 0x0000000706500000, 0x0000000706600000|  0%| F|  |TAMS 0x0000000706500000, 0x0000000706500000| Untracked 
|  56|0x0000000706600000, 0x0000000706600000, 0x0000000706700000|  0%| F|  |TAMS 0x0000000706600000, 0x0000000706600000| Untracked 
|  57|0x0000000706700000, 0x0000000706700000, 0x0000000706800000|  0%| F|  |TAMS 0x0000000706700000, 0x0000000706700000| Untracked 
|  58|0x0000000706800000, 0x0000000706800000, 0x0000000706900000|  0%| F|  |TAMS 0x0000000706800000, 0x0000000706800000| Untracked 
|  59|0x0000000706900000, 0x0000000706900000, 0x0000000706a00000|  0%| F|  |TAMS 0x0000000706900000, 0x0000000706900000| Untracked 
|  60|0x0000000706a00000, 0x0000000706a00000, 0x0000000706b00000|  0%| F|  |TAMS 0x0000000706a00000, 0x0000000706a00000| Untracked 
|  61|0x0000000706b00000, 0x0000000706b00000, 0x0000000706c00000|  0%| F|  |TAMS 0x0000000706b00000, 0x0000000706b00000| Untracked 
|  62|0x0000000706c00000, 0x0000000706c00000, 0x0000000706d00000|  0%| F|  |TAMS 0x0000000706c00000, 0x0000000706c00000| Untracked 
|  63|0x0000000706d00000, 0x0000000706d00000, 0x0000000706e00000|  0%| F|  |TAMS 0x0000000706d00000, 0x0000000706d00000| Untracked 
|  64|0x0000000706e00000, 0x0000000706e00000, 0x0000000706f00000|  0%| F|  |TAMS 0x0000000706e00000, 0x0000000706e00000| Untracked 
|  65|0x0000000706f00000, 0x0000000706f00000, 0x0000000707000000|  0%| F|  |TAMS 0x0000000706f00000, 0x0000000706f00000| Untracked 
|  66|0x0000000707000000, 0x0000000707000000, 0x0000000707100000|  0%| F|  |TAMS 0x0000000707000000, 0x0000000707000000| Untracked 
|  67|0x0000000707100000, 0x0000000707100000, 0x0000000707200000|  0%| F|  |TAMS 0x0000000707100000, 0x0000000707100000| Untracked 
|  68|0x0000000707200000, 0x0000000707200000, 0x0000000707300000|  0%| F|  |TAMS 0x0000000707200000, 0x0000000707200000| Untracked 
|  69|0x0000000707300000, 0x0000000707300000, 0x0000000707400000|  0%| F|  |TAMS 0x0000000707300000, 0x0000000707300000| Untracked 
|  70|0x0000000707400000, 0x0000000707400000, 0x0000000707500000|  0%| F|  |TAMS 0x0000000707400000, 0x0000000707400000| Untracked 
|  71|0x0000000707500000, 0x0000000707500000, 0x0000000707600000|  0%| F|  |TAMS 0x0000000707500000, 0x0000000707500000| Untracked 
|  72|0x0000000707600000, 0x0000000707600000, 0x0000000707700000|  0%| F|  |TAMS 0x0000000707600000, 0x0000000707600000| Untracked 
|  73|0x0000000707700000, 0x0000000707700000, 0x0000000707800000|  0%| F|  |TAMS 0x0000000707700000, 0x0000000707700000| Untracked 
|  74|0x0000000707800000, 0x0000000707800000, 0x0000000707900000|  0%| F|  |TAMS 0x0000000707800000, 0x0000000707800000| Untracked 
|  75|0x0000000707900000, 0x0000000707900000, 0x0000000707a00000|  0%| F|  |TAMS 0x0000000707900000, 0x0000000707900000| Untracked 
|  76|0x0000000707a00000, 0x0000000707a00000, 0x0000000707b00000|  0%| F|  |TAMS 0x0000000707a00000, 0x0000000707a00000| Untracked 
|  77|0x0000000707b00000, 0x0000000707b00000, 0x0000000707c00000|  0%| F|  |TAMS 0x0000000707b00000, 0x0000000707b00000| Untracked 
|  78|0x0000000707c00000, 0x0000000707c00000, 0x0000000707d00000|  0%| F|  |TAMS 0x0000000707c00000, 0x0000000707c00000| Untracked 
|  79|0x0000000707d00000, 0x0000000707d00000, 0x0000000707e00000|  0%| F|  |TAMS 0x0000000707d00000, 0x0000000707d00000| Untracked 
|  80|0x0000000707e00000, 0x0000000707e00000, 0x0000000707f00000|  0%| F|  |TAMS 0x0000000707e00000, 0x0000000707e00000| Untracked 
|  81|0x0000000707f00000, 0x0000000707f00000, 0x0000000708000000|  0%| F|  |TAMS 0x0000000707f00000, 0x0000000707f00000| Untracked 
|  82|0x0000000708000000, 0x0000000708000000, 0x0000000708100000|  0%| F|  |TAMS 0x0000000708000000, 0x0000000708000000| Untracked 
|  83|0x0000000708100000, 0x0000000708100000, 0x0000000708200000|  0%| F|  |TAMS 0x0000000708100000, 0x0000000708100000| Untracked 
|  84|0x0000000708200000, 0x0000000708200000, 0x0000000708300000|  0%| F|  |TAMS 0x0000000708200000, 0x0000000708200000| Untracked 
|  85|0x0000000708300000, 0x0000000708300000, 0x0000000708400000|  0%| F|  |TAMS 0x0000000708300000, 0x0000000708300000| Untracked 
|  86|0x0000000708400000, 0x0000000708400000, 0x0000000708500000|  0%| F|  |TAMS 0x0000000708400000, 0x0000000708400000| Untracked 
|  87|0x0000000708500000, 0x0000000708500000, 0x0000000708600000|  0%| F|  |TAMS 0x0000000708500000, 0x0000000708500000| Untracked 
|  88|0x0000000708600000, 0x0000000708600000, 0x0000000708700000|  0%| F|  |TAMS 0x0000000708600000, 0x0000000708600000| Untracked 
|  89|0x0000000708700000, 0x0000000708700000, 0x0000000708800000|  0%| F|  |TAMS 0x0000000708700000, 0x0000000708700000| Untracked 
|  90|0x0000000708800000, 0x0000000708800000, 0x0000000708900000|  0%| F|  |TAMS 0x0000000708800000, 0x0000000708800000| Untracked 
|  91|0x0000000708900000, 0x0000000708900000, 0x0000000708a00000|  0%| F|  |TAMS 0x0000000708900000, 0x0000000708900000| Untracked 
|  92|0x0000000708a00000, 0x0000000708a00000, 0x0000000708b00000|  0%| F|  |TAMS 0x0000000708a00000, 0x0000000708a00000| Untracked 
|  93|0x0000000708b00000, 0x0000000708b00000, 0x0000000708c00000|  0%| F|  |TAMS 0x0000000708b00000, 0x0000000708b00000| Untracked 
|  94|0x0000000708c00000, 0x0000000708c00000, 0x0000000708d00000|  0%| F|  |TAMS 0x0000000708c00000, 0x0000000708c00000| Untracked 
|  95|0x0000000708d00000, 0x0000000708d00000, 0x0000000708e00000|  0%| F|  |TAMS 0x0000000708d00000, 0x0000000708d00000| Untracked 
|  96|0x0000000708e00000, 0x0000000708e00000, 0x0000000708f00000|  0%| F|  |TAMS 0x0000000708e00000, 0x0000000708e00000| Untracked 
|  97|0x0000000708f00000, 0x0000000708f00000, 0x0000000709000000|  0%| F|  |TAMS 0x0000000708f00000, 0x0000000708f00000| Untracked 
|  98|0x0000000709000000, 0x0000000709000000, 0x0000000709100000|  0%| F|  |TAMS 0x0000000709000000, 0x0000000709000000| Untracked 
|  99|0x0000000709100000, 0x0000000709152b90, 0x0000000709200000| 32%| S|CS|TAMS 0x0000000709100000, 0x0000000709100000| Complete 
| 100|0x0000000709200000, 0x0000000709300000, 0x0000000709300000|100%| S|CS|TAMS 0x0000000709200000, 0x0000000709200000| Complete 
| 101|0x0000000709300000, 0x0000000709400000, 0x0000000709400000|100%| S|CS|TAMS 0x0000000709300000, 0x0000000709300000| Complete 
| 102|0x0000000709400000, 0x0000000709400000, 0x0000000709500000|  0%| F|  |TAMS 0x0000000709400000, 0x0000000709400000| Untracked 
| 103|0x0000000709500000, 0x0000000709500000, 0x0000000709600000|  0%| F|  |TAMS 0x0000000709500000, 0x0000000709500000| Untracked 
| 104|0x0000000709600000, 0x0000000709600000, 0x0000000709700000|  0%| F|  |TAMS 0x0000000709600000, 0x0000000709600000| Untracked 
| 105|0x0000000709700000, 0x0000000709700000, 0x0000000709800000|  0%| F|  |TAMS 0x0000000709700000, 0x0000000709700000| Untracked 
| 106|0x0000000709800000, 0x0000000709800000, 0x0000000709900000|  0%| F|  |TAMS 0x0000000709800000, 0x0000000709800000| Untracked 
| 107|0x0000000709900000, 0x0000000709900000, 0x0000000709a00000|  0%| F|  |TAMS 0x0000000709900000, 0x0000000709900000| Untracked 
| 108|0x0000000709a00000, 0x0000000709a00000, 0x0000000709b00000|  0%| F|  |TAMS 0x0000000709a00000, 0x0000000709a00000| Untracked 
| 109|0x0000000709b00000, 0x0000000709b00000, 0x0000000709c00000|  0%| F|  |TAMS 0x0000000709b00000, 0x0000000709b00000| Untracked 
| 110|0x0000000709c00000, 0x0000000709c00000, 0x0000000709d00000|  0%| F|  |TAMS 0x0000000709c00000, 0x0000000709c00000| Untracked 
| 111|0x0000000709d00000, 0x0000000709d00000, 0x0000000709e00000|  0%| F|  |TAMS 0x0000000709d00000, 0x0000000709d00000| Untracked 
| 112|0x0000000709e00000, 0x0000000709e00000, 0x0000000709f00000|  0%| F|  |TAMS 0x0000000709e00000, 0x0000000709e00000| Untracked 
| 113|0x0000000709f00000, 0x0000000709f00000, 0x000000070a000000|  0%| F|  |TAMS 0x0000000709f00000, 0x0000000709f00000| Untracked 
| 114|0x000000070a000000, 0x000000070a000000, 0x000000070a100000|  0%| F|  |TAMS 0x000000070a000000, 0x000000070a000000| Untracked 
| 115|0x000000070a100000, 0x000000070a100000, 0x000000070a200000|  0%| F|  |TAMS 0x000000070a100000, 0x000000070a100000| Untracked 
| 116|0x000000070a200000, 0x000000070a200000, 0x000000070a300000|  0%| F|  |TAMS 0x000000070a200000, 0x000000070a200000| Untracked 
| 117|0x000000070a300000, 0x000000070a300000, 0x000000070a400000|  0%| F|  |TAMS 0x000000070a300000, 0x000000070a300000| Untracked 
| 118|0x000000070a400000, 0x000000070a400000, 0x000000070a500000|  0%| F|  |TAMS 0x000000070a400000, 0x000000070a400000| Untracked 
| 119|0x000000070a500000, 0x000000070a500000, 0x000000070a600000|  0%| F|  |TAMS 0x000000070a500000, 0x000000070a500000| Untracked 
| 120|0x000000070a600000, 0x000000070a600000, 0x000000070a700000|  0%| F|  |TAMS 0x000000070a600000, 0x000000070a600000| Untracked 
| 121|0x000000070a700000, 0x000000070a700000, 0x000000070a800000|  0%| F|  |TAMS 0x000000070a700000, 0x000000070a700000| Untracked 
| 122|0x000000070a800000, 0x000000070a800000, 0x000000070a900000|  0%| F|  |TAMS 0x000000070a800000, 0x000000070a800000| Untracked 
| 123|0x000000070a900000, 0x000000070a900000, 0x000000070aa00000|  0%| F|  |TAMS 0x000000070a900000, 0x000000070a900000| Untracked 
| 124|0x000000070aa00000, 0x000000070aa00000, 0x000000070ab00000|  0%| F|  |TAMS 0x000000070aa00000, 0x000000070aa00000| Untracked 
| 125|0x000000070ab00000, 0x000000070ab00000, 0x000000070ac00000|  0%| F|  |TAMS 0x000000070ab00000, 0x000000070ab00000| Untracked 
| 126|0x000000070ac00000, 0x000000070ac00000, 0x000000070ad00000|  0%| F|  |TAMS 0x000000070ac00000, 0x000000070ac00000| Untracked 
| 127|0x000000070ad00000, 0x000000070ad00000, 0x000000070ae00000|  0%| F|  |TAMS 0x000000070ad00000, 0x000000070ad00000| Untracked 
| 128|0x000000070ae00000, 0x000000070ae00000, 0x000000070af00000|  0%| F|  |TAMS 0x000000070ae00000, 0x000000070ae00000| Untracked 
| 129|0x000000070af00000, 0x000000070af00000, 0x000000070b000000|  0%| F|  |TAMS 0x000000070af00000, 0x000000070af00000| Untracked 
| 130|0x000000070b000000, 0x000000070b000000, 0x000000070b100000|  0%| F|  |TAMS 0x000000070b000000, 0x000000070b000000| Untracked 
| 131|0x000000070b100000, 0x000000070b100000, 0x000000070b200000|  0%| F|  |TAMS 0x000000070b100000, 0x000000070b100000| Untracked 
| 132|0x000000070b200000, 0x000000070b200000, 0x000000070b300000|  0%| F|  |TAMS 0x000000070b200000, 0x000000070b200000| Untracked 
| 133|0x000000070b300000, 0x000000070b300000, 0x000000070b400000|  0%| F|  |TAMS 0x000000070b300000, 0x000000070b300000| Untracked 
| 134|0x000000070b400000, 0x000000070b400000, 0x000000070b500000|  0%| F|  |TAMS 0x000000070b400000, 0x000000070b400000| Untracked 
| 135|0x000000070b500000, 0x000000070b500000, 0x000000070b600000|  0%| F|  |TAMS 0x000000070b500000, 0x000000070b500000| Untracked 
| 136|0x000000070b600000, 0x000000070b600000, 0x000000070b700000|  0%| F|  |TAMS 0x000000070b600000, 0x000000070b600000| Untracked 
| 137|0x000000070b700000, 0x000000070b700000, 0x000000070b800000|  0%| F|  |TAMS 0x000000070b700000, 0x000000070b700000| Untracked 
| 138|0x000000070b800000, 0x000000070b800000, 0x000000070b900000|  0%| F|  |TAMS 0x000000070b800000, 0x000000070b800000| Untracked 
| 139|0x000000070b900000, 0x000000070b900000, 0x000000070ba00000|  0%| F|  |TAMS 0x000000070b900000, 0x000000070b900000| Untracked 
| 140|0x000000070ba00000, 0x000000070ba00000, 0x000000070bb00000|  0%| F|  |TAMS 0x000000070ba00000, 0x000000070ba00000| Untracked 
| 141|0x000000070bb00000, 0x000000070bb00000, 0x000000070bc00000|  0%| F|  |TAMS 0x000000070bb00000, 0x000000070bb00000| Untracked 
| 142|0x000000070bc00000, 0x000000070bc00000, 0x000000070bd00000|  0%| F|  |TAMS 0x000000070bc00000, 0x000000070bc00000| Untracked 
| 143|0x000000070bd00000, 0x000000070bd00000, 0x000000070be00000|  0%| F|  |TAMS 0x000000070bd00000, 0x000000070bd00000| Untracked 
| 144|0x000000070be00000, 0x000000070be00000, 0x000000070bf00000|  0%| F|  |TAMS 0x000000070be00000, 0x000000070be00000| Untracked 
| 145|0x000000070bf00000, 0x000000070bf00000, 0x000000070c000000|  0%| F|  |TAMS 0x000000070bf00000, 0x000000070bf00000| Untracked 
| 146|0x000000070c000000, 0x000000070c000000, 0x000000070c100000|  0%| F|  |TAMS 0x000000070c000000, 0x000000070c000000| Untracked 
| 147|0x000000070c100000, 0x000000070c100000, 0x000000070c200000|  0%| F|  |TAMS 0x000000070c100000, 0x000000070c100000| Untracked 
| 148|0x000000070c200000, 0x000000070c200000, 0x000000070c300000|  0%| F|  |TAMS 0x000000070c200000, 0x000000070c200000| Untracked 
| 149|0x000000070c300000, 0x000000070c300000, 0x000000070c400000|  0%| F|  |TAMS 0x000000070c300000, 0x000000070c300000| Untracked 
| 150|0x000000070c400000, 0x000000070c400000, 0x000000070c500000|  0%| F|  |TAMS 0x000000070c400000, 0x000000070c400000| Untracked 
| 151|0x000000070c500000, 0x000000070c500000, 0x000000070c600000|  0%| F|  |TAMS 0x000000070c500000, 0x000000070c500000| Untracked 
| 152|0x000000070c600000, 0x000000070c600000, 0x000000070c700000|  0%| F|  |TAMS 0x000000070c600000, 0x000000070c600000| Untracked 
| 153|0x000000070c700000, 0x000000070c700000, 0x000000070c800000|  0%| F|  |TAMS 0x000000070c700000, 0x000000070c700000| Untracked 
| 154|0x000000070c800000, 0x000000070c800000, 0x000000070c900000|  0%| F|  |TAMS 0x000000070c800000, 0x000000070c800000| Untracked 
| 155|0x000000070c900000, 0x000000070c900000, 0x000000070ca00000|  0%| F|  |TAMS 0x000000070c900000, 0x000000070c900000| Untracked 
| 156|0x000000070ca00000, 0x000000070ca00000, 0x000000070cb00000|  0%| F|  |TAMS 0x000000070ca00000, 0x000000070ca00000| Untracked 
| 157|0x000000070cb00000, 0x000000070cb00000, 0x000000070cc00000|  0%| F|  |TAMS 0x000000070cb00000, 0x000000070cb00000| Untracked 
| 158|0x000000070cc00000, 0x000000070cc00000, 0x000000070cd00000|  0%| F|  |TAMS 0x000000070cc00000, 0x000000070cc00000| Untracked 
| 159|0x000000070cd00000, 0x000000070cd00000, 0x000000070ce00000|  0%| F|  |TAMS 0x000000070cd00000, 0x000000070cd00000| Untracked 
| 160|0x000000070ce00000, 0x000000070ce00000, 0x000000070cf00000|  0%| F|  |TAMS 0x000000070ce00000, 0x000000070ce00000| Untracked 
| 161|0x000000070cf00000, 0x000000070cf00000, 0x000000070d000000|  0%| F|  |TAMS 0x000000070cf00000, 0x000000070cf00000| Untracked 
| 162|0x000000070d000000, 0x000000070d000000, 0x000000070d100000|  0%| F|  |TAMS 0x000000070d000000, 0x000000070d000000| Untracked 
| 163|0x000000070d100000, 0x000000070d100000, 0x000000070d200000|  0%| F|  |TAMS 0x000000070d100000, 0x000000070d100000| Untracked 
| 164|0x000000070d200000, 0x000000070d200000, 0x000000070d300000|  0%| F|  |TAMS 0x000000070d200000, 0x000000070d200000| Untracked 
| 165|0x000000070d300000, 0x000000070d300000, 0x000000070d400000|  0%| F|  |TAMS 0x000000070d300000, 0x000000070d300000| Untracked 
| 166|0x000000070d400000, 0x000000070d400000, 0x000000070d500000|  0%| F|  |TAMS 0x000000070d400000, 0x000000070d400000| Untracked 
| 167|0x000000070d500000, 0x000000070d500000, 0x000000070d600000|  0%| F|  |TAMS 0x000000070d500000, 0x000000070d500000| Untracked 
| 168|0x000000070d600000, 0x000000070d600000, 0x000000070d700000|  0%| F|  |TAMS 0x000000070d600000, 0x000000070d600000| Untracked 
| 169|0x000000070d700000, 0x000000070d700000, 0x000000070d800000|  0%| F|  |TAMS 0x000000070d700000, 0x000000070d700000| Untracked 
| 170|0x000000070d800000, 0x000000070d800000, 0x000000070d900000|  0%| F|  |TAMS 0x000000070d800000, 0x000000070d800000| Untracked 
| 171|0x000000070d900000, 0x000000070d900000, 0x000000070da00000|  0%| F|  |TAMS 0x000000070d900000, 0x000000070d900000| Untracked 
| 172|0x000000070da00000, 0x000000070da00000, 0x000000070db00000|  0%| F|  |TAMS 0x000000070da00000, 0x000000070da00000| Untracked 
| 173|0x000000070db00000, 0x000000070db00000, 0x000000070dc00000|  0%| F|  |TAMS 0x000000070db00000, 0x000000070db00000| Untracked 
| 174|0x000000070dc00000, 0x000000070dc00000, 0x000000070dd00000|  0%| F|  |TAMS 0x000000070dc00000, 0x000000070dc00000| Untracked 
| 175|0x000000070dd00000, 0x000000070dd00000, 0x000000070de00000|  0%| F|  |TAMS 0x000000070dd00000, 0x000000070dd00000| Untracked 
| 176|0x000000070de00000, 0x000000070de00000, 0x000000070df00000|  0%| F|  |TAMS 0x000000070de00000, 0x000000070de00000| Untracked 
| 177|0x000000070df00000, 0x000000070df00000, 0x000000070e000000|  0%| F|  |TAMS 0x000000070df00000, 0x000000070df00000| Untracked 
| 178|0x000000070e000000, 0x000000070e000000, 0x000000070e100000|  0%| F|  |TAMS 0x000000070e000000, 0x000000070e000000| Untracked 
| 179|0x000000070e100000, 0x000000070e100000, 0x000000070e200000|  0%| F|  |TAMS 0x000000070e100000, 0x000000070e100000| Untracked 
| 180|0x000000070e200000, 0x000000070e200000, 0x000000070e300000|  0%| F|  |TAMS 0x000000070e200000, 0x000000070e200000| Untracked 
| 181|0x000000070e300000, 0x000000070e300000, 0x000000070e400000|  0%| F|  |TAMS 0x000000070e300000, 0x000000070e300000| Untracked 
| 182|0x000000070e400000, 0x000000070e400000, 0x000000070e500000|  0%| F|  |TAMS 0x000000070e400000, 0x000000070e400000| Untracked 
| 183|0x000000070e500000, 0x000000070e500000, 0x000000070e600000|  0%| F|  |TAMS 0x000000070e500000, 0x000000070e500000| Untracked 
| 184|0x000000070e600000, 0x000000070e600000, 0x000000070e700000|  0%| F|  |TAMS 0x000000070e600000, 0x000000070e600000| Untracked 
| 185|0x000000070e700000, 0x000000070e700000, 0x000000070e800000|  0%| F|  |TAMS 0x000000070e700000, 0x000000070e700000| Untracked 
| 186|0x000000070e800000, 0x000000070e800000, 0x000000070e900000|  0%| F|  |TAMS 0x000000070e800000, 0x000000070e800000| Untracked 
| 187|0x000000070e900000, 0x000000070e900000, 0x000000070ea00000|  0%| F|  |TAMS 0x000000070e900000, 0x000000070e900000| Untracked 
| 188|0x000000070ea00000, 0x000000070ea80800, 0x000000070eb00000| 50%| E|  |TAMS 0x000000070ea00000, 0x000000070ea00000| Complete 
| 189|0x000000070eb00000, 0x000000070ec00000, 0x000000070ec00000|100%| E|CS|TAMS 0x000000070eb00000, 0x000000070eb00000| Complete 
| 190|0x000000070ec00000, 0x000000070ed00000, 0x000000070ed00000|100%| E|CS|TAMS 0x000000070ec00000, 0x000000070ec00000| Complete 
| 191|0x000000070ed00000, 0x000000070ee00000, 0x000000070ee00000|100%| E|CS|TAMS 0x000000070ed00000, 0x000000070ed00000| Complete 
| 192|0x000000070ee00000, 0x000000070ef00000, 0x000000070ef00000|100%| E|CS|TAMS 0x000000070ee00000, 0x000000070ee00000| Complete 
| 193|0x000000070ef00000, 0x000000070f000000, 0x000000070f000000|100%| E|CS|TAMS 0x000000070ef00000, 0x000000070ef00000| Complete 
| 194|0x000000070f000000, 0x000000070f100000, 0x000000070f100000|100%| E|CS|TAMS 0x000000070f000000, 0x000000070f000000| Complete 
| 195|0x000000070f100000, 0x000000070f200000, 0x000000070f200000|100%| E|CS|TAMS 0x000000070f100000, 0x000000070f100000| Complete 
| 196|0x000000070f200000, 0x000000070f300000, 0x000000070f300000|100%| E|CS|TAMS 0x000000070f200000, 0x000000070f200000| Complete 
| 197|0x000000070f300000, 0x000000070f400000, 0x000000070f400000|100%| E|CS|TAMS 0x000000070f300000, 0x000000070f300000| Complete 
| 198|0x000000070f400000, 0x000000070f500000, 0x000000070f500000|100%| E|CS|TAMS 0x000000070f400000, 0x000000070f400000| Complete 
| 199|0x000000070f500000, 0x000000070f600000, 0x000000070f600000|100%| E|CS|TAMS 0x000000070f500000, 0x000000070f500000| Complete 
| 200|0x000000070f600000, 0x000000070f700000, 0x000000070f700000|100%| E|CS|TAMS 0x000000070f600000, 0x000000070f600000| Complete 
| 201|0x000000070f700000, 0x000000070f800000, 0x000000070f800000|100%| E|CS|TAMS 0x000000070f700000, 0x000000070f700000| Complete 
| 202|0x000000070f800000, 0x000000070f900000, 0x000000070f900000|100%| E|CS|TAMS 0x000000070f800000, 0x000000070f800000| Complete 
| 203|0x000000070f900000, 0x000000070fa00000, 0x000000070fa00000|100%| E|CS|TAMS 0x000000070f900000, 0x000000070f900000| Complete 
| 204|0x000000070fa00000, 0x000000070fb00000, 0x000000070fb00000|100%| E|CS|TAMS 0x000000070fa00000, 0x000000070fa00000| Complete 
| 205|0x000000070fb00000, 0x000000070fc00000, 0x000000070fc00000|100%| E|CS|TAMS 0x000000070fb00000, 0x000000070fb00000| Complete 
| 206|0x000000070fc00000, 0x000000070fd00000, 0x000000070fd00000|100%| E|CS|TAMS 0x000000070fc00000, 0x000000070fc00000| Complete 
| 207|0x000000070fd00000, 0x000000070fe00000, 0x000000070fe00000|100%| E|CS|TAMS 0x000000070fd00000, 0x000000070fd00000| Complete 
| 208|0x000000070fe00000, 0x000000070ff00000, 0x000000070ff00000|100%| E|CS|TAMS 0x000000070fe00000, 0x000000070fe00000| Complete 
| 209|0x000000070ff00000, 0x0000000710000000, 0x0000000710000000|100%| E|CS|TAMS 0x000000070ff00000, 0x000000070ff00000| Complete 
| 210|0x0000000710000000, 0x0000000710100000, 0x0000000710100000|100%| E|CS|TAMS 0x0000000710000000, 0x0000000710000000| Complete 
| 211|0x0000000710100000, 0x0000000710200000, 0x0000000710200000|100%| E|CS|TAMS 0x0000000710100000, 0x0000000710100000| Complete 
| 212|0x0000000710200000, 0x0000000710300000, 0x0000000710300000|100%| E|CS|TAMS 0x0000000710200000, 0x0000000710200000| Complete 
| 213|0x0000000710300000, 0x0000000710400000, 0x0000000710400000|100%| E|CS|TAMS 0x0000000710300000, 0x0000000710300000| Complete 
| 214|0x0000000710400000, 0x0000000710500000, 0x0000000710500000|100%| E|CS|TAMS 0x0000000710400000, 0x0000000710400000| Complete 
| 215|0x0000000710500000, 0x0000000710600000, 0x0000000710600000|100%| E|CS|TAMS 0x0000000710500000, 0x0000000710500000| Complete 
| 216|0x0000000710600000, 0x0000000710700000, 0x0000000710700000|100%| E|CS|TAMS 0x0000000710600000, 0x0000000710600000| Complete 
| 217|0x0000000710700000, 0x0000000710800000, 0x0000000710800000|100%| E|CS|TAMS 0x0000000710700000, 0x0000000710700000| Complete 
| 218|0x0000000710800000, 0x0000000710900000, 0x0000000710900000|100%| E|CS|TAMS 0x0000000710800000, 0x0000000710800000| Complete 
| 219|0x0000000710900000, 0x0000000710a00000, 0x0000000710a00000|100%| E|CS|TAMS 0x0000000710900000, 0x0000000710900000| Complete 
| 220|0x0000000710a00000, 0x0000000710b00000, 0x0000000710b00000|100%| E|CS|TAMS 0x0000000710a00000, 0x0000000710a00000| Complete 
| 221|0x0000000710b00000, 0x0000000710c00000, 0x0000000710c00000|100%| E|CS|TAMS 0x0000000710b00000, 0x0000000710b00000| Complete 
| 222|0x0000000710c00000, 0x0000000710d00000, 0x0000000710d00000|100%| E|CS|TAMS 0x0000000710c00000, 0x0000000710c00000| Complete 
| 223|0x0000000710d00000, 0x0000000710e00000, 0x0000000710e00000|100%| E|CS|TAMS 0x0000000710d00000, 0x0000000710d00000| Complete 
| 224|0x0000000710e00000, 0x0000000710f00000, 0x0000000710f00000|100%| E|CS|TAMS 0x0000000710e00000, 0x0000000710e00000| Complete 
| 225|0x0000000710f00000, 0x0000000711000000, 0x0000000711000000|100%| E|CS|TAMS 0x0000000710f00000, 0x0000000710f00000| Complete 
| 226|0x0000000711000000, 0x0000000711100000, 0x0000000711100000|100%| E|CS|TAMS 0x0000000711000000, 0x0000000711000000| Complete 
| 227|0x0000000711100000, 0x0000000711200000, 0x0000000711200000|100%| E|CS|TAMS 0x0000000711100000, 0x0000000711100000| Complete 
| 228|0x0000000711200000, 0x0000000711300000, 0x0000000711300000|100%| E|CS|TAMS 0x0000000711200000, 0x0000000711200000| Complete 
| 229|0x0000000711300000, 0x0000000711400000, 0x0000000711400000|100%| E|CS|TAMS 0x0000000711300000, 0x0000000711300000| Complete 
| 230|0x0000000711400000, 0x0000000711500000, 0x0000000711500000|100%| E|CS|TAMS 0x0000000711400000, 0x0000000711400000| Complete 
| 231|0x0000000711500000, 0x0000000711600000, 0x0000000711600000|100%| E|CS|TAMS 0x0000000711500000, 0x0000000711500000| Complete 
| 232|0x0000000711600000, 0x0000000711700000, 0x0000000711700000|100%| E|CS|TAMS 0x0000000711600000, 0x0000000711600000| Complete 
| 233|0x0000000711700000, 0x0000000711800000, 0x0000000711800000|100%| E|CS|TAMS 0x0000000711700000, 0x0000000711700000| Complete 
| 234|0x0000000711800000, 0x0000000711900000, 0x0000000711900000|100%| E|CS|TAMS 0x0000000711800000, 0x0000000711800000| Complete 
| 235|0x0000000711900000, 0x0000000711a00000, 0x0000000711a00000|100%| E|CS|TAMS 0x0000000711900000, 0x0000000711900000| Complete 
| 236|0x0000000711a00000, 0x0000000711b00000, 0x0000000711b00000|100%| E|CS|TAMS 0x0000000711a00000, 0x0000000711a00000| Complete 
| 237|0x0000000711b00000, 0x0000000711c00000, 0x0000000711c00000|100%| E|CS|TAMS 0x0000000711b00000, 0x0000000711b00000| Complete 
| 238|0x0000000711c00000, 0x0000000711d00000, 0x0000000711d00000|100%| E|CS|TAMS 0x0000000711c00000, 0x0000000711c00000| Complete 
| 239|0x0000000711d00000, 0x0000000711e00000, 0x0000000711e00000|100%| E|CS|TAMS 0x0000000711d00000, 0x0000000711d00000| Complete 
| 240|0x0000000711e00000, 0x0000000711f00000, 0x0000000711f00000|100%| E|CS|TAMS 0x0000000711e00000, 0x0000000711e00000| Complete 
| 241|0x0000000711f00000, 0x0000000712000000, 0x0000000712000000|100%| E|CS|TAMS 0x0000000711f00000, 0x0000000711f00000| Complete 
| 242|0x0000000712000000, 0x0000000712100000, 0x0000000712100000|100%| E|CS|TAMS 0x0000000712000000, 0x0000000712000000| Complete 
| 243|0x0000000712100000, 0x0000000712200000, 0x0000000712200000|100%| E|CS|TAMS 0x0000000712100000, 0x0000000712100000| Complete 
| 244|0x0000000712200000, 0x0000000712300000, 0x0000000712300000|100%| E|CS|TAMS 0x0000000712200000, 0x0000000712200000| Complete 
| 245|0x0000000712300000, 0x0000000712400000, 0x0000000712400000|100%| E|CS|TAMS 0x0000000712300000, 0x0000000712300000| Complete 
| 246|0x0000000712400000, 0x0000000712500000, 0x0000000712500000|100%| E|CS|TAMS 0x0000000712400000, 0x0000000712400000| Complete 
| 247|0x0000000712500000, 0x0000000712600000, 0x0000000712600000|100%| E|CS|TAMS 0x0000000712500000, 0x0000000712500000| Complete 
| 248|0x0000000712600000, 0x0000000712700000, 0x0000000712700000|100%| E|CS|TAMS 0x0000000712600000, 0x0000000712600000| Complete 
| 249|0x0000000712700000, 0x0000000712800000, 0x0000000712800000|100%| E|CS|TAMS 0x0000000712700000, 0x0000000712700000| Complete 
| 250|0x0000000712800000, 0x0000000712900000, 0x0000000712900000|100%| E|CS|TAMS 0x0000000712800000, 0x0000000712800000| Complete 
| 251|0x0000000712900000, 0x0000000712a00000, 0x0000000712a00000|100%| E|CS|TAMS 0x0000000712900000, 0x0000000712900000| Complete 
| 252|0x0000000712a00000, 0x0000000712b00000, 0x0000000712b00000|100%| E|CS|TAMS 0x0000000712a00000, 0x0000000712a00000| Complete 
| 253|0x0000000712b00000, 0x0000000712c00000, 0x0000000712c00000|100%| E|CS|TAMS 0x0000000712b00000, 0x0000000712b00000| Complete 

Card table byte_map: [0x00000289f59c0000,0x00000289f61b0000] _byte_map_base: 0x00000289f21a9000

Marking Bits (Prev, Next): (CMBitMap*) 0x00000289ec8edc38, (CMBitMap*) 0x00000289ec8edc78
 Prev Bits: [0x00000289f69a0000, 0x00000289fa8e8000)
 Next Bits: [0x00000289fa8f0000, 0x00000289fe838000)

Polling page: 0x00000289ea5e0000

Metaspace:

Usage:
  Non-class:      6.47 MB capacity,     6.33 MB ( 98%) used,   117.70 KB (  2%) free+waste,    30.94 KB ( <1%) overhead. 
      Class:    945.00 KB capacity,   794.60 KB ( 84%) used,   133.02 KB ( 14%) free+waste,    17.38 KB (  2%) overhead. 
       Both:      7.40 MB capacity,     7.11 MB ( 96%) used,   250.72 KB (  3%) free+waste,    48.31 KB ( <1%) overhead. 

Virtual space:
  Non-class space:        8.00 MB reserved,       6.50 MB ( 81%) committed 
      Class space:        1.00 GB reserved,       1.00 MB ( <1%) committed 
             Both:        1.01 GB reserved,       7.50 MB ( <1%) committed 

Chunk freelists:
   Non-Class:  3.25 KB
       Class:  1.88 KB
        Both:  5.13 KB

CodeHeap 'non-profiled nmethods': size=120000Kb used=1429Kb max_used=1429Kb free=118571Kb
 bounds [0x0000028987ad0000, 0x0000028987d40000, 0x000002898f000000]
CodeHeap 'profiled nmethods': size=120000Kb used=3482Kb max_used=3482Kb free=116517Kb
 bounds [0x00000289805a0000, 0x0000028980910000, 0x0000028987ad0000]
CodeHeap 'non-nmethods': size=5760Kb used=1268Kb max_used=1357Kb free=4491Kb
 bounds [0x0000028980000000, 0x0000028980270000, 0x00000289805a0000]
 total_blobs=2808 nmethods=1697 adapters=440
 compilation: enabled
              stopped_count=0, restarted_count=0
 full_count=0

Compilation events (10 events):
Event: 167.718 Thread 0x0000028991089000 1693       3       game.Game$$Lambda$156/0x0000000801284840::accept (8 bytes)
Event: 167.718 Thread 0x0000028991089000 nmethod 1693 0x0000028980904490 code [0x0000028980904660, 0x0000028980904a50]
Event: 167.718 Thread 0x0000028991089000 1694       3       game.Game::lambda$updateGame$2 (11 bytes)
Event: 167.718 Thread 0x0000028991089000 nmethod 1694 0x0000028980904b90 code [0x0000028980904d60, 0x0000028980904f90]
Event: 169.241 Thread 0x0000028991089000 1695       3       game.Game::getBlock (34 bytes)
Event: 169.241 Thread 0x0000028991089000 nmethod 1695 0x0000028980905090 code [0x00000289809052c0, 0x0000028980905b10]
Event: 169.241 Thread 0x0000028991089000 1696       3       game.Game$$Lambda$158/0x0000000801284040::get$Lambda (11 bytes)
Event: 169.241 Thread 0x0000028991089000 nmethod 1696 0x0000028980905e90 code [0x0000028980906060, 0x0000028980906338]
Event: 169.546 Thread 0x0000028991089000 1697       3       game.Game$$Lambda$157/0x0000000801284c40::accept (8 bytes)
Event: 169.546 Thread 0x0000028991089000 nmethod 1697 0x0000028980906410 code [0x00000289809065e0, 0x0000028980906950]

GC Heap History (8 events):
Event: 5.880 GC heap before
{Heap before GC invocations=0 (full 0):
 garbage-first heap   total 260096K, used 23552K [0x0000000702e00000, 0x0000000800000000)
  region size 1024K, 24 young (24576K), 0 survivors (0K)
 Metaspace       used 6704K, capacity 7013K, committed 7040K, reserved 1056768K
  class space    used 728K, capacity 873K, committed 896K, reserved 1048576K
}
Event: 5.882 GC heap after
{Heap after GC invocations=1 (full 0):
 garbage-first heap   total 260096K, used 2209K [0x0000000702e00000, 0x0000000800000000)
  region size 1024K, 3 young (3072K), 3 survivors (3072K)
 Metaspace       used 6704K, capacity 7013K, committed 7040K, reserved 1056768K
  class space    used 728K, capacity 873K, committed 896K, reserved 1048576K
}
Event: 50.294 GC heap before
{Heap before GC invocations=1 (full 0):
 garbage-first heap   total 260096K, used 154785K [0x0000000702e00000, 0x0000000800000000)
  region size 1024K, 152 young (155648K), 3 survivors (3072K)
 Metaspace       used 6942K, capacity 7236K, committed 7296K, reserved 1056768K
  class space    used 742K, capacity 883K, committed 896K, reserved 1048576K
}
Event: 50.295 GC heap after
{Heap after GC invocations=2 (full 0):
 garbage-first heap   total 260096K, used 2374K [0x0000000702e00000, 0x0000000800000000)
  region size 1024K, 3 young (3072K), 3 survivors (3072K)
 Metaspace       used 6942K, capacity 7236K, committed 7296K, reserved 1056768K
  class space    used 742K, capacity 883K, committed 896K, reserved 1048576K
}
Event: 106.250 GC heap before
{Heap before GC invocations=2 (full 0):
 garbage-first heap   total 260096K, used 154950K [0x0000000702e00000, 0x0000000800000000)
  region size 1024K, 152 young (155648K), 3 survivors (3072K)
 Metaspace       used 7074K, capacity 7338K, committed 7552K, reserved 1056768K
  class space    used 758K, capacity 893K, committed 896K, reserved 1048576K
}
Event: 106.252 GC heap after
{Heap after GC invocations=3 (full 0):
 garbage-first heap   total 260096K, used 2320K [0x0000000702e00000, 0x0000000800000000)
  region size 1024K, 3 young (3072K), 3 survivors (3072K)
 Metaspace       used 7074K, capacity 7338K, committed 7552K, reserved 1056768K
  class space    used 758K, capacity 893K, committed 896K, reserved 1048576K
}
Event: 150.511 GC heap before
{Heap before GC invocations=3 (full 0):
 garbage-first heap   total 260096K, used 154896K [0x0000000702e00000, 0x0000000800000000)
  region size 1024K, 152 young (155648K), 3 survivors (3072K)
 Metaspace       used 7223K, capacity 7556K, committed 7680K, reserved 1056768K
  class space    used 786K, capacity 940K, committed 1024K, reserved 1048576K
}
Event: 150.513 GC heap after
{Heap after GC invocations=4 (full 0):
 garbage-first heap   total 260096K, used 2378K [0x0000000702e00000, 0x0000000800000000)
  region size 1024K, 3 young (3072K), 3 survivors (3072K)
 Metaspace       used 7223K, capacity 7556K, committed 7680K, reserved 1056768K
  class space    used 786K, capacity 940K, committed 1024K, reserved 1048576K
}

Deoptimization events (10 events):
Event: 2.514 Thread 0x0000028998424000 Uncommon trap: reason=class_check action=maybe_recompile pc=0x0000028987b2226c method=java.util.HashMap.getNode(ILjava/lang/Object;)Ljava/util/HashMap$Node; @ 59 c2
Event: 2.514 Thread 0x0000028998424000 Uncommon trap: reason=class_check action=maybe_recompile pc=0x0000028987b222a4 method=java.util.HashMap.getNode(ILjava/lang/Object;)Ljava/util/HashMap$Node; @ 126 c2
Event: 2.514 Thread 0x0000028998424000 Uncommon trap: reason=class_check action=maybe_recompile pc=0x0000028987b149d8 method=java.util.HashMap.getNode(ILjava/lang/Object;)Ljava/util/HashMap$Node; @ 126 c2
Event: 5.053 Thread 0x0000028998424000 Uncommon trap: reason=class_check action=make_not_entrant pc=0x0000028987b80e0c method=java.util.ArrayList.toArray([Ljava/lang/Object;)[Ljava/lang/Object; @ 21 c2
Event: 5.882 Thread 0x0000028998424000 Uncommon trap: reason=null_check action=make_not_entrant pc=0x0000028987b43280 method=sun.java2d.pipe.BufferedContext.validate(Lsun/java2d/pipe/hw/AccelSurface;Lsun/java2d/pipe/hw/AccelSurface;Lsun/java2d/pipe/Region;Ljava/awt/Composite;Ljava/awt/geom/Aff
Event: 56.923 Thread 0x0000028998424000 Uncommon trap: reason=unstable_if action=reinterpret pc=0x0000028987b4cf00 method=java.awt.EventQueue.postEvent(Ljava/awt/AWTEvent;I)V @ 6 c2
Event: 57.343 Thread 0x0000028998424000 Uncommon trap: reason=unstable_if action=reinterpret pc=0x0000028987ba30bc method=java.awt.EventQueue.postEvent(Ljava/awt/AWTEvent;I)V @ 6 c2
Event: 97.853 Thread 0x00000289ec889000 Uncommon trap: reason=unstable_if action=reinterpret pc=0x0000028987bfc724 method=sun.awt.PostEventQueue.flush()V @ 23 c2
Event: 109.052 Thread 0x0000028998424000 Uncommon trap: reason=unstable_fused_if action=reinterpret pc=0x0000028987b29260 method=java.lang.StrictMath.floorOrCeil(DDDD)D @ 8 c2
Event: 109.052 Thread 0x0000028998424000 Uncommon trap: reason=unstable_fused_if action=reinterpret pc=0x0000028987b08f60 method=java.lang.StrictMath.floorOrCeil(DDDD)D @ 8 c2

Classes redefined (10 events):
Event: 118.059 Thread 0x00000289ff5e6000 redefined class name=Blocks.WaterBlock, count=6
Event: 129.540 Thread 0x00000289ff5e6000 redefined class name=game.Game, count=5
Event: 129.542 Thread 0x00000289ff5e6000 redefined class name=game.Game$1, count=5
Event: 129.545 Thread 0x00000289ff5e6000 redefined class name=Blocks.WaterBlock, count=7
Event: 137.268 Thread 0x00000289ff5e6000 redefined class name=game.Game, count=6
Event: 137.271 Thread 0x00000289ff5e6000 redefined class name=game.Game$1, count=6
Event: 137.273 Thread 0x00000289ff5e6000 redefined class name=Blocks.WaterBlock, count=8
Event: 164.032 Thread 0x00000289ff5e6000 redefined class name=game.Game, count=7
Event: 164.034 Thread 0x00000289ff5e6000 redefined class name=game.Game$1, count=7
Event: 164.037 Thread 0x00000289ff5e6000 redefined class name=Blocks.WaterBlock, count=9

Internal exceptions (10 events):
Event: 0.500 Thread 0x00000289ec889000 Exception <a 'java/lang/NoSuchMethodError'{0x0000000712759c98}: java.lang.invoke.DirectMethodHandle$Holder.invokeStatic(Ljava/lang/Object;ILjava/lang/Object;Ljava/lang/Object;Ljava/lang/Object;Ljava/lang/Object;)Ljava/lang/Object;> (0x0000000712759c98) th
Event: 0.500 Thread 0x00000289ec889000 Exception <a 'java/lang/NoSuchMethodError'{0x00000007127608b8}: java.lang.invoke.DirectMethodHandle$Holder.invokeStatic(Ljava/lang/Object;ILjava/lang/Object;Ljava/lang/Object;Ljava/lang/Object;)Ljava/lang/Object;> (0x00000007127608b8) thrown at [t:/worksp
Event: 0.500 Thread 0x00000289ec889000 Exception <a 'java/lang/NoSuchMethodError'{0x0000000712764110}: java.lang.invoke.DirectMethodHandle$Holder.invokeSpecial(Ljava/lang/Object;Ljava/lang/Object;ILjava/lang/Object;Ljava/lang/Object;Ljava/lang/Object;)Ljava/lang/Object;> (0x0000000712764110) t
Event: 0.514 Thread 0x00000289ec889000 Exception <a 'java/lang/ClassNotFoundException'{0x0000000712623328}: com/sun/swing/internal/plaf/metal/resources/spi/metalProvider> (0x0000000712623328) thrown at [t:/workspace/open/src/hotspot/share/classfile/systemDictionary.cpp, line 235]
Event: 0.515 Thread 0x00000289ec889000 Exception <a 'java/lang/ClassNotFoundException'{0x0000000712627580}: com/sun/swing/internal/plaf/basic/resources/spi/basicProvider> (0x0000000712627580) thrown at [t:/workspace/open/src/hotspot/share/classfile/systemDictionary.cpp, line 235]
Event: 0.535 Thread 0x00000289ec889000 Exception <a 'java/lang/NoSuchMethodError'{0x00000007126787d0}: java.lang.invoke.DirectMethodHandle$Holder.invokeStaticInit(Ljava/lang/Object;)V> (0x00000007126787d0) thrown at [t:/workspace/open/src/hotspot/share/interpreter/linkResolver.cpp, line 777]
Event: 0.554 Thread 0x00000289ec889000 Exception <a 'java/lang/NoSuchMethodError'{0x000000071258c738}: java.lang.invoke.Invokers$Holder.linkToTargetMethod(Ljava/lang/Object;ILjava/lang/Object;)Ljava/lang/Object;> (0x000000071258c738) thrown at [t:/workspace/open/src/hotspot/share/interpreter/l
Event: 5.882 Thread 0x0000028998424000 Implicit null exception at 0x0000028987b3f6f5 to 0x0000028987b4323e
Event: 32.185 Thread 0x00000289ec889000 Exception <a 'java/lang/NoSuchMethodError'{0x000000070d5af6b8}: java.lang.invoke.DirectMethodHandle$Holder.invokeVirtual(Ljava/lang/Object;Ljava/lang/Object;)V> (0x000000070d5af6b8) thrown at [t:/workspace/open/src/hotspot/share/interpreter/linkResolver.c
Event: 32.186 Thread 0x00000289ec889000 Exception <a 'java/lang/NoSuchMethodError'{0x000000070d5bcc48}: java.lang.invoke.DirectMethodHandle$Holder.invokeStatic(Ljava/lang/Object;IILjava/lang/Object;)Ljava/lang/Object;> (0x000000070d5bcc48) thrown at [t:/workspace/open/src/hotspot/share/interpre

Events (10 events):
Event: 169.749 Executing VM operation: ThreadsSuspendJVMTI done
Event: 169.749 Executing VM operation: GetFrameCount
Event: 169.749 Executing VM operation: GetFrameCount done
Event: 169.750 Executing VM operation: GetFrameCount
Event: 169.750 Executing VM operation: GetFrameCount done
Event: 169.750 Executing VM operation: GetStackTrace
Event: 169.750 Executing VM operation: GetStackTrace done
Event: 169.753 Executing VM operation: GetFrameLocation
Event: 169.753 Executing VM operation: GetFrameLocation done
Event: 169.753 Executing VM operation: GetOrSetLocal


Dynamic libraries:
0x00007ff796a20000 - 0x00007ff796a2d000 	D:\Programming Language Libraries\jdk-12\bin\java.exe
0x00007ffc8f960000 - 0x00007ffc8fb50000 	C:\WINDOWS\SYSTEM32\ntdll.dll
0x00007ffc8e220000 - 0x00007ffc8e2d2000 	C:\WINDOWS\System32\KERNEL32.DLL
0x00007ffc8cb20000 - 0x00007ffc8cdc4000 	C:\WINDOWS\System32\KERNELBASE.dll
0x00007ffc8c8f0000 - 0x00007ffc8c9ea000 	C:\WINDOWS\System32\ucrtbase.dll
0x00007ffc48b50000 - 0x00007ffc48b66000 	D:\Programming Language Libraries\jdk-12\bin\VCRUNTIME140.dll
0x00007ffc34260000 - 0x00007ffc34277000 	D:\Programming Language Libraries\jdk-12\bin\jli.dll
0x00007ffc8df20000 - 0x00007ffc8e0b4000 	C:\WINDOWS\System32\USER32.dll
0x00007ffc8d840000 - 0x00007ffc8d861000 	C:\WINDOWS\System32\win32u.dll
0x00007ffc7d100000 - 0x00007ffc7d384000 	C:\WINDOWS\WinSxS\amd64_microsoft.windows.common-controls_6595b64144ccf1df_6.0.18362.900_none_e6beb9d913147d17\COMCTL32.dll
0x00007ffc8e1f0000 - 0x00007ffc8e216000 	C:\WINDOWS\System32\GDI32.dll
0x00007ffc8e420000 - 0x00007ffc8e4be000 	C:\WINDOWS\System32\msvcrt.dll
0x00007ffc8d870000 - 0x00007ffc8da05000 	C:\WINDOWS\System32\gdi32full.dll
0x00007ffc8e4c0000 - 0x00007ffc8e7f5000 	C:\WINDOWS\System32\combase.dll
0x00007ffc8cf40000 - 0x00007ffc8cfde000 	C:\WINDOWS\System32\msvcp_win.dll
0x00007ffc8f0b0000 - 0x00007ffc8f1d0000 	C:\WINDOWS\System32\RPCRT4.dll
0x00007ffc8c9f0000 - 0x00007ffc8ca70000 	C:\WINDOWS\System32\bcryptPrimitives.dll
0x00007ffc8f080000 - 0x00007ffc8f0ae000 	C:\WINDOWS\System32\IMM32.DLL
0x00007ffc205f0000 - 0x00007ffc2069a000 	D:\Programming Language Libraries\jdk-12\bin\msvcp140.dll
0x00007ffc13ec0000 - 0x00007ffc14a34000 	D:\Programming Language Libraries\jdk-12\bin\server\jvm.dll
0x00007ffc8de70000 - 0x00007ffc8df13000 	C:\WINDOWS\System32\ADVAPI32.dll
0x00007ffc8e0c0000 - 0x00007ffc8e157000 	C:\WINDOWS\System32\sechost.dll
0x00007ffc8db70000 - 0x00007ffc8db78000 	C:\WINDOWS\System32\PSAPI.DLL
0x00007ffc7a040000 - 0x00007ffc7a049000 	C:\WINDOWS\SYSTEM32\WSOCK32.dll
0x00007ffc8e2e0000 - 0x00007ffc8e34f000 	C:\WINDOWS\System32\WS2_32.dll
0x00007ffc84e90000 - 0x00007ffc84e9a000 	C:\WINDOWS\SYSTEM32\VERSION.dll
0x00007ffc8a350000 - 0x00007ffc8a374000 	C:\WINDOWS\SYSTEM32\WINMM.dll
0x00007ffc8a320000 - 0x00007ffc8a34d000 	C:\WINDOWS\SYSTEM32\winmmbase.dll
0x00007ffc8d760000 - 0x00007ffc8d7aa000 	C:\WINDOWS\System32\cfgmgr32.dll
0x00007ffc8c830000 - 0x00007ffc8c841000 	C:\WINDOWS\System32\kernel.appcore.dll
0x00007ffc2ea90000 - 0x00007ffc2eaa1000 	D:\Programming Language Libraries\jdk-12\bin\verify.dll
0x00007ffc8b0b0000 - 0x00007ffc8b2a4000 	C:\WINDOWS\SYSTEM32\DBGHELP.DLL
0x00007ffc75900000 - 0x00007ffc7592a000 	C:\WINDOWS\SYSTEM32\dbgcore.DLL
0x00007ffc2ea60000 - 0x00007ffc2ea86000 	D:\Programming Language Libraries\jdk-12\bin\java.dll
0x00007ffc845d0000 - 0x00007ffc84608000 	D:\Programming Language Libraries\jdk-12\bin\jdwp.dll
0x00007ffc2ea40000 - 0x00007ffc2ea57000 	D:\Programming Language Libraries\jdk-12\bin\zip.dll
0x00007ffc60860000 - 0x00007ffc6086a000 	D:\Programming Language Libraries\jdk-12\bin\jimage.dll
0x00007ffc8f230000 - 0x00007ffc8f916000 	C:\WINDOWS\System32\SHELL32.dll
0x00007ffc8ef50000 - 0x00007ffc8eff9000 	C:\WINDOWS\System32\shcore.dll
0x00007ffc8cfe0000 - 0x00007ffc8d760000 	C:\WINDOWS\System32\windows.storage.dll
0x00007ffc8c850000 - 0x00007ffc8c873000 	C:\WINDOWS\System32\profapi.dll
0x00007ffc8c8a0000 - 0x00007ffc8c8ea000 	C:\WINDOWS\System32\powrprof.dll
0x00007ffc8c820000 - 0x00007ffc8c830000 	C:\WINDOWS\System32\UMPDC.dll
0x00007ffc8f1d0000 - 0x00007ffc8f222000 	C:\WINDOWS\System32\shlwapi.dll
0x00007ffc8cf20000 - 0x00007ffc8cf37000 	C:\WINDOWS\System32\cryptsp.dll
0x00007ffc895f0000 - 0x00007ffc895fa000 	D:\Programming Language Libraries\jdk-12\bin\dt_socket.dll
0x00007ffc8c090000 - 0x00007ffc8c0f7000 	C:\WINDOWS\System32\mswsock.dll
0x00007ffc8bde0000 - 0x00007ffc8beab000 	C:\WINDOWS\SYSTEM32\DNSAPI.dll
0x00007ffc8dde0000 - 0x00007ffc8dde8000 	C:\WINDOWS\System32\NSI.dll
0x00007ffc8bda0000 - 0x00007ffc8bdda000 	C:\WINDOWS\SYSTEM32\IPHLPAPI.DLL
0x00007ffc852d0000 - 0x00007ffc85347000 	C:\WINDOWS\System32\fwpuclnt.dll
0x00007ffc8d810000 - 0x00007ffc8d836000 	C:\WINDOWS\System32\bcrypt.dll
0x00007ffc84ea0000 - 0x00007ffc84eaa000 	C:\Windows\System32\rasadhlp.dll
0x00007ffc2ea20000 - 0x00007ffc2ea39000 	D:\Programming Language Libraries\jdk-12\bin\net.dll
0x00007ffc86910000 - 0x00007ffc86a00000 	C:\WINDOWS\SYSTEM32\WINHTTP.dll
0x00007ffc80ef0000 - 0x00007ffc810c6000 	C:\WINDOWS\SYSTEM32\urlmon.dll
0x00007ffc81230000 - 0x00007ffc814d6000 	C:\WINDOWS\SYSTEM32\iertutil.dll
0x00007ffc8c260000 - 0x00007ffc8c26c000 	C:\WINDOWS\SYSTEM32\CRYPTBASE.DLL
0x00007ffc2e9b0000 - 0x00007ffc2e9c3000 	D:\Programming Language Libraries\jdk-12\bin\nio.dll
0x00007ffc69590000 - 0x00007ffc6972e000 	D:\Programming Language Libraries\jdk-12\bin\awt.dll
0x00007ffc8e350000 - 0x00007ffc8e415000 	C:\WINDOWS\System32\OLEAUT32.dll
0x00007ffc88f30000 - 0x00007ffc894f0000 	C:\WINDOWS\SYSTEM32\d2d1.dll
0x00007ffc8a580000 - 0x00007ffc8a60f000 	C:\WINDOWS\SYSTEM32\apphelp.dll
0x00007ffc8ab90000 - 0x00007ffc8abbd000 	C:\WINDOWS\system32\DWMAPI.DLL
0x00007ffc8a6c0000 - 0x00007ffc8a759000 	C:\WINDOWS\system32\uxtheme.dll
0x00007ffc69d40000 - 0x00007ffc69e96000 	C:\WINDOWS\system32\opengl32.dll
0x00007ffc6a350000 - 0x00007ffc6a37c000 	C:\WINDOWS\SYSTEM32\GLU32.dll
0x00007ffc8b490000 - 0x00007ffc8b4b0000 	C:\WINDOWS\SYSTEM32\dxcore.dll
0x00007ffc8dc40000 - 0x00007ffc8dd75000 	C:\WINDOWS\System32\MSCTF.dll
0x00007ffc8da10000 - 0x00007ffc8db67000 	C:\WINDOWS\System32\ole32.dll
0x00007ffc7fca0000 - 0x00007ffc7fe67000 	C:\WINDOWS\system32\d3d9.dll
0x00007ffc84100000 - 0x00007ffc841ef000 	C:\WINDOWS\System32\DriverStore\FileRepository\nvdd.inf_amd64_ef890633f6cefa94\nvldumdx.dll
0x00007ffc8cdd0000 - 0x00007ffc8cf19000 	C:\WINDOWS\System32\crypt32.dll
0x00007ffc8c880000 - 0x00007ffc8c892000 	C:\WINDOWS\System32\MSASN1.dll
0x00007ffc85160000 - 0x00007ffc8518f000 	C:\WINDOWS\SYSTEM32\cryptnet.dll
0x00007ffc8d7b0000 - 0x00007ffc8d80c000 	C:\WINDOWS\System32\WINTRUST.DLL
0x00007ffc8e1d0000 - 0x00007ffc8e1ed000 	C:\WINDOWS\System32\imagehlp.dll
0x00007ffc8bc00000 - 0x00007ffc8bc33000 	C:\WINDOWS\system32\rsaenh.dll
0x00007ffc0ebe0000 - 0x00007ffc100e7000 	C:\WINDOWS\System32\DriverStore\FileRepository\nvdd.inf_amd64_ef890633f6cefa94\nvd3dumx.dll
0x00007ffc8b440000 - 0x00007ffc8b462000 	C:\WINDOWS\SYSTEM32\gpapi.dll
0x00007ffc7a3a0000 - 0x00007ffc7a420000 	D:\Programming Language Libraries\jdk-12\bin\freetype.dll
0x00007ffc84560000 - 0x00007ffc845cf000 	D:\Programming Language Libraries\jdk-12\bin\fontmanager.dll
0x00007ffc82be0000 - 0x00007ffc82c7e000 	C:\WINDOWS\System32\TextInputFramework.dll
0x00007ffc8a240000 - 0x00007ffc8a314000 	C:\WINDOWS\System32\CoreMessaging.dll
0x00007ffc87270000 - 0x00007ffc8759a000 	C:\WINDOWS\System32\CoreUIComponents.dll
0x00007ffc8b880000 - 0x00007ffc8b8b1000 	C:\WINDOWS\SYSTEM32\ntmarta.dll
0x00007ffc882f0000 - 0x00007ffc88443000 	C:\WINDOWS\SYSTEM32\wintypes.dll

dbghelp: loaded successfully - version: 4.0.5 - missing functions: none
symbol engine: initialized successfully - sym options: 0x614 - pdb path: .;D:\Programming Language Libraries\jdk-12\bin;C:\WINDOWS\SYSTEM32;C:\WINDOWS\WinSxS\amd64_microsoft.windows.common-controls_6595b64144ccf1df_6.0.18362.900_none_e6beb9d913147d17;D:\Programming Language Libraries\jdk-12\bin\server;C:\WINDOWS\System32\DriverStore\FileRepository\nvdd.inf_amd64_ef890633f6cefa94

VM Arguments:
jvm_args: -agentlib:jdwp=transport=dt_socket,server=n,suspend=y,address=52083 -Dfile.encoding=windows-1252 -Duser.country=US -Duser.language=en -Duser.variant 
java_command: game.Game
java_class_path (initial): D:\Programs\Minecraft\modSources\untitled14\build\classes\java\main;D:\Programs\Minecraft\modSources\untitled14\build\classes\groovy\main;D:\Programs\Minecraft\modSources\untitled14\build\resources\main;C:\Users\Owner\.gradle\caches\modules-2\files-2.1\org.codehaus.groovy\groovy-all\2.3.11\f6b34997d04c1538ce451d3955298f46fdb4dbd4\groovy-all-2.3.11.jar
Launcher Type: SUN_STANDARD

[Global flags]
     intx CICompilerCount                          = 4                                         {product} {ergonomic}
     uint ConcGCThreads                            = 3                                         {product} {ergonomic}
     uint G1ConcRefinementThreads                  = 10                                        {product} {ergonomic}
   size_t G1HeapRegionSize                         = 1048576                                   {product} {ergonomic}
    uintx GCDrainStackTargetSize                   = 64                                        {product} {ergonomic}
   size_t InitialHeapSize                          = 266338304                                 {product} {ergonomic}
   size_t MarkStackSize                            = 4194304                                   {product} {ergonomic}
   size_t MaxHeapSize                              = 4246732800                                {product} {ergonomic}
   size_t MaxNewSize                               = 2548039680                                {product} {ergonomic}
   size_t MinHeapDeltaBytes                        = 1048576                                   {product} {ergonomic}
    uintx NonNMethodCodeHeapSize                   = 5836300                                {pd product} {ergonomic}
    uintx NonProfiledCodeHeapSize                  = 122910970                              {pd product} {ergonomic}
    uintx ProfiledCodeHeapSize                     = 122910970                              {pd product} {ergonomic}
    uintx ReservedCodeCacheSize                    = 251658240                              {pd product} {ergonomic}
     bool SegmentedCodeCache                       = true                                      {product} {ergonomic}
     bool UseCompressedClassPointers               = true                                 {lp64_product} {ergonomic}
     bool UseCompressedOops                        = true                                 {lp64_product} {ergonomic}
     bool UseG1GC                                  = true                                      {product} {ergonomic}
     bool UseLargePagesIndividualAllocation        = false                                  {pd product} {ergonomic}

Logging:
Log output configuration:
 #0: stdout all=warning uptime,level,tags
 #1: stderr all=off uptime,level,tags

Environment Variables:
JAVA_HOME=D:\Programming Language Libraries\jdk-12
PATH=C:\Program Files\Oculus\Support\oculus-runtime;C:\Program Files (x86)\Java\jre1.8.0_241\bin;C:\Program Files (x86)\Common Files\Oracle\Java\javapath;C:\WINDOWS\system32;C:\WINDOWS;C:\WINDOWS\System32\Wbem;C:\WINDOWS\System32\WindowsPowerShell\v1.0\;C:\WINDOWS\System32\OpenSSH\;C:\Program Files\Git\cmd;D:\Programs\Gource\cmd;C:\Users\Owner\AppData\Local\Programs\Python\Python38\Scripts\;C:\Users\Owner\AppData\Local\Programs\Python\Python38\;C:\Users\Owner\AppData\Local\Microsoft\WindowsApps;
USERNAME=Owner
OS=Windows_NT
PROCESSOR_IDENTIFIER=Intel64 Family 6 Model 158 Stepping 10, GenuineIntel



---------------  S Y S T E M  ---------------

OS: Windows 10 , 64 bit Build 18362 (10.0.18362.900)

CPU:total 12 (initial active 12) (6 cores per cpu, 2 threads per core) family 6 model 158 stepping 10, cmov, cx8, fxsr, mmx, sse, sse2, sse3, ssse3, sse4.1, sse4.2, popcnt, avx, avx2, aes, clmul, erms, rtm, 3dnowpref, lzcnt, ht, tsc, tscinvbit, bmi1, bmi2, adx, fma

Memory: 4k page, system-wide physical 16194M (6809M free)
TotalPageFile size 32066M (AvailPageFile size 18342M)
current process WorkingSet (physical memory assigned to process): 226M, peak: 241M
current process commit charge ("private bytes"): 394M, peak: 482M

vm_info: OpenJDK 64-Bit Server VM (12+32) for windows-amd64 JRE (12+32), built on Feb 14 2019 05:18:05 by "mach5one" with MS VC++ 15.5 (VS2017)

END.
